"../../../TheArena/Content/Blueprints/Volumes/Cover.uasset" 0
"../../../TheArena/Content/Blueprints/Volumes/HighCover.uasset" 1
"../../../TheArena/Content/UI/Menu/Multiplayer/ScoreBoard.uasset" 2
"../../../TheArena/Content/Blueprints/Game/ScoreBoard.uasset" 3
"../../../Engine/Content/EditorBlueprintResources/StandardMacros.uasset" 4
"../../../Engine/Content/EngineSky/C_Sky_Cloud_Color.uasset" 5
"../../../Engine/Content/EngineSky/C_Sky_Horizon_Color.uasset" 6
"../../../Engine/Content/EngineSky/C_Sky_Zenith_Color.uasset" 7
"../../../Engine/Content/EngineSky/T_Sky_Blue.uasset" 8
"../../../Engine/Content/EngineSky/T_Sky_Clouds_M.uasset" 9
"../../../Engine/Content/EngineSky/T_Sky_Stars.uasset" 10
"../../../Engine/Content/EngineSky/SM_SkySphere.uasset" 11
"../../../Engine/Content/EngineSky/M_Sky_Panning_Clouds2.uasset" 12
"../../../Engine/Content/EngineSky/BP_Sky_Sphere.uasset" 13
"../../../TheArena/Content/Assets/Textures/SciFi/Atlas1_illum.uasset" 14
"../../../TheArena/Content/Assets/Textures/SciFi/TopDownSciFi_D.uasset" 15
"../../../TheArena/Content/Assets/Textures/SciFi/TopDownSciFi_M.uasset" 16
"../../../TheArena/Content/Assets/Textures/SciFi/TopDownSciFi_N.uasset" 17
"../../../TheArena/Content/Assets/Materials/SciFi/M_TopDownSciFi.uasset" 18
"../../../TheArena/Content/Assets/Meshes/SciFi/Wall_10.uasset" 19
"../../../TheArena/Content/Blueprints/Environment/Lift.uasset" 20
"../../../TheArena/Content/Assets/Terrain/Pebbles_LayerInfo.uasset" 21
"../../../TheArena/Content/Assets/Terrain/Rocks_LayerInfo.uasset" 22
"../../../TheArena/Content/Assets/Terrain/Sand_LayerInfo.uasset" 23
"../../../Engine/Content/Functions/Engine_MaterialFunctions01/Opacity/CameraDepthFade.uasset" 24
"../../../Engine/Content/EngineMaterials/T_Default_Material_Grid_M.uasset" 25
"../../../Engine/Content/EngineMaterials/T_Default_Material_Grid_N.uasset" 26
"../../../Engine/Content/EngineMaterials/WorldGridMaterial.uasset" 27
"../../../TheArena/Content/Environment/Textures/T_FFA_ConcreteWallPlate_01_D.uasset" 28
"../../../TheArena/Content/Environment/Textures/T_FFA_ConcreteWallPlate_01_N.uasset" 29
"../../../TheArena/Content/Environment/Materials/M_FFA_ConcreteWallPlate_01.uasset" 30
"../../../Engine/Content/Functions/Engine_MaterialFunctions01/Gradient/LinearGradient.uasset" 31
"../../../Engine/Content/Functions/Engine_MaterialFunctions01/ImageAdjustment/CheapContrast.uasset" 32
"../../../Engine/Content/Functions/Engine_MaterialFunctions02/Texturing/HeightLerp.uasset" 33
"../../../Engine/Content/Functions/Engine_MaterialFunctions02/Utility/BlendAngleCorrectedNormals.uasset" 34
"../../../Engine/Content/Functions/MaterialLayerFunctions/MatLayerBlend_OverrideBaseColor.uasset" 35
"../../../Engine/Content/Functions/MaterialLayerFunctions/MatLayerBlend_Standard.uasset" 36
"../../../TheArena/Content/Assets/Texture/T_COG_Base_Dirt_N.uasset" 37
"../../../TheArena/Content/Assets/Texture/T_Pebbles_D.uasset" 38
"../../../TheArena/Content/Assets/Materials/MF_Pebbles.uasset" 39
"../../../TheArena/Content/Assets/Texture/T_Rock_D.uasset" 40
"../../../TheArena/Content/Assets/Texture/T_Rock_N.uasset" 41
"../../../TheArena/Content/Assets/Texture/T_TilingRocks_M.uasset" 42
"../../../TheArena/Content/Assets/Texture/T_TilingRocks_N.uasset" 43
"../../../TheArena/Content/Assets/Materials/MF_Rocks.uasset" 44
"../../../TheArena/Content/Assets/Texture/T_Sand_D.uasset" 45
"../../../TheArena/Content/Assets/Texture/T_Sand_M.uasset" 46
"../../../TheArena/Content/Assets/Texture/T_Sand_N.uasset" 47
"../../../TheArena/Content/Assets/Texture/T_SandDunes_N.uasset" 48
"../../../TheArena/Content/Assets/Materials/MF_Sand.uasset" 49
"../../../TheArena/Content/Assets/Terrain/M_Landscape_SandRock.uasset" 50
"../../../TheArena/Content/Assets/Terrain/M_Landscape_SandRock_Inst.uasset" 51
"../../../TheArena/Content/ExampleContent/Blueprint_Communication/Materials/M_Highlight.uasset" 52
"../../../TheArena/Content/ExampleContent/Blueprint_Communication/Materials/M_Highlight_Inst.uasset" 53
"../../../Engine/Content/EngineMaterials/DefaultPhysicalMaterial.uasset" 54
"../../../TheArena/Content/Assets/Materials/Sand_PhyMat.uasset" 55
"../../../Engine/Content/Functions/Engine_MaterialFunctions02/Texturing/WorldPositionWithScale.uasset" 56
"../../../TheArena/Content/Assets/Textures/Desert/Desert_CliffRock_01_Dif.uasset" 57
"../../../TheArena/Content/Assets/Textures/Desert/Desert_CliffRock_01_Gloss.uasset" 58
"../../../TheArena/Content/Assets/Textures/Desert/Desert_CliffRock_01_Nrm.uasset" 59
"../../../TheArena/Content/Assets/Textures/Desert/Desert_CliffRock_01_Spec.uasset" 60
"../../../TheArena/Content/Assets/Textures/Desert/Desert_Gravel_01_Dif.uasset" 61
"../../../TheArena/Content/Assets/Textures/Desert/Desert_Gravel_01_Gloss.uasset" 62
"../../../TheArena/Content/Assets/Textures/Desert/Desert_Gravel_01_Height.uasset" 63
"../../../TheArena/Content/Assets/Textures/Desert/Desert_Gravel_01_Nrm.uasset" 64
"../../../TheArena/Content/Assets/Textures/Desert/Desert_Gravel_01_Spec.uasset" 65
"../../../TheArena/Content/Assets/Materials/Desert/M_MasterRock.uasset" 66
"../../../TheArena/Content/Assets/Textures/Desert/Desert_Boulder_01_Dif.uasset" 67
"../../../TheArena/Content/Assets/Textures/Desert/Desert_Boulder_01_Gloss.uasset" 68
"../../../TheArena/Content/Assets/Textures/Desert/Desert_Boulder_01_Nrm.uasset" 69
"../../../TheArena/Content/Assets/Textures/Desert/Desert_Boulder_01_Spec.uasset" 70
"../../../TheArena/Content/Assets/Materials/Desert/INST_Desert_Boulder_01.uasset" 71
"../../../TheArena/Content/Assets/Meshes/Desert/Desert_Boulder_01.uasset" 72
"../../../TheArena/Content/Assets/Textures/Desert/Desert_CaveEntrance_01_Dif.uasset" 73
"../../../TheArena/Content/Assets/Textures/Desert/Desert_CaveEntrance_01_Gloss.uasset" 74
"../../../TheArena/Content/Assets/Textures/Desert/Desert_CaveEntrance_01_Nrm.uasset" 75
"../../../TheArena/Content/Assets/Textures/Desert/Desert_CaveEntrance_01_Spec.uasset" 76
"../../../TheArena/Content/Assets/Materials/Desert/INST_Desert_CaveEntrance_01.uasset" 77
"../../../TheArena/Content/Assets/Meshes/Desert/Desert_CaveEntrance_01.uasset" 78
"../../../TheArena/Content/Assets/Materials/Desert/INST_Desert_CliffRock_01.uasset" 79
"../../../TheArena/Content/Assets/Meshes/Desert/Desert_CliffRock_01.uasset" 80
"../../../TheArena/Content/Assets/Textures/Desert/Desert_CliffRock_02_Dif.uasset" 81
"../../../TheArena/Content/Assets/Textures/Desert/Desert_CliffRock_02_Gloss.uasset" 82
"../../../TheArena/Content/Assets/Textures/Desert/Desert_CliffRock_02_Nrm.uasset" 83
"../../../TheArena/Content/Assets/Textures/Desert/Desert_CliffRock_02_Spec.uasset" 84
"../../../TheArena/Content/Assets/Materials/Desert/INST_Desert_CliffRock_02.uasset" 85
"../../../TheArena/Content/Assets/Meshes/Desert/Desert_CliffRock_02.uasset" 86
"../../../TheArena/Content/Assets/Textures/Desert/Desert_CliffRock_03_Dif.uasset" 87
"../../../TheArena/Content/Assets/Textures/Desert/Desert_CliffRock_03_Gloss.uasset" 88
"../../../TheArena/Content/Assets/Textures/Desert/Desert_CliffRock_03_Nrm.uasset" 89
"../../../TheArena/Content/Assets/Textures/Desert/Desert_CliffRock_03_Spec.uasset" 90
"../../../TheArena/Content/Assets/Materials/Desert/INST_Desert_CliffRock_03.uasset" 91
"../../../TheArena/Content/Assets/Meshes/Desert/Desert_CliffRock_03.uasset" 92
"../../../TheArena/Content/Assets/Textures/Desert/Desert_FlatRock_01_Dif.uasset" 93
"../../../TheArena/Content/Assets/Textures/Desert/Desert_FlatRock_01_Gloss.uasset" 94
"../../../TheArena/Content/Assets/Textures/Desert/Desert_FlatRock_01_Nrm.uasset" 95
"../../../TheArena/Content/Assets/Textures/Desert/Desert_FlatRock_01_Spec.uasset" 96
"../../../TheArena/Content/Assets/Materials/Desert/INST_Desert_FlatRock_01.uasset" 97
"../../../TheArena/Content/Assets/Meshes/Desert/Desert_FlatRock_01.uasset" 98
"../../../TheArena/Content/Assets/Textures/Desert/Desert_Plant_01_Dif.uasset" 99
"../../../TheArena/Content/Assets/Textures/Desert/Desert_Plant_01_Nrm.uasset" 100
"../../../TheArena/Content/Assets/Materials/Desert/M_MasterPlant.uasset" 101
"../../../TheArena/Content/Assets/Materials/Desert/INST_Desert_Plant_01.uasset" 102
"../../../TheArena/Content/Assets/Meshes/Desert/Desert_Plant_01.uasset" 103
"../../../TheArena/Content/Assets/Materials/Desert/INST_Desert_Plant_02.uasset" 104
"../../../TheArena/Content/Assets/Meshes/Desert/Desert_Plant_02.uasset" 105
"../../../TheArena/Content/Assets/Textures/Desert/RockClump_01_Dif.uasset" 106
"../../../TheArena/Content/Assets/Textures/Desert/RockClump_01_Gloss.uasset" 107
"../../../TheArena/Content/Assets/Textures/Desert/RockClump_01_Nrm.uasset" 108
"../../../TheArena/Content/Assets/Textures/Desert/RockClump_01_Spec.uasset" 109
"../../../TheArena/Content/Assets/Materials/Desert/INST_RockClump_01.uasset" 110
"../../../TheArena/Content/Assets/Meshes/Desert/Desert_RockClump_01.uasset" 111
"../../../TheArena/Content/Assets/Textures/Desert/Desert_ScatteredRocks_01_Dif.uasset" 112
"../../../TheArena/Content/Assets/Textures/Desert/Desert_ScatteredRocks_01_Gloss.uasset" 113
"../../../TheArena/Content/Assets/Textures/Desert/Desert_ScatteredRocks_01_Nrm.uasset" 114
"../../../TheArena/Content/Assets/Textures/Desert/Desert_ScatteredRocks_01_Spec.uasset" 115
"../../../TheArena/Content/Assets/Materials/Desert/INST_ScatteredRocks_01.uasset" 116
"../../../TheArena/Content/Assets/Meshes/Desert/Desert_ScatteredRocks_01.uasset" 117
"../../../Engine/Content/EngineMaterials/DefaultDiffuse.uasset" 118
"../../../Engine/Content/Functions/Engine_MaterialFunctions01/Texturing/WorldAlignedTexture.uasset" 119
"../../../TheArena/Content/Assets/Texture/T_Sand_Road_Tracks_M.uasset" 120
"../../../TheArena/Content/Assets/Texture/T_Sand_Road_Tracks_N.uasset" 121
"../../../TheArena/Content/Assets/Texture/T_Water_01_N.uasset" 122
"../../../TheArena/Content/Assets/Materials/M_Sand_Road.uasset" 123
"../../../TheArena/Content/Assets/Materials/M_Sand_Road_Inst_01.uasset" 124
"../../../TheArena/Content/Assets/Meshes/Desert/SM_Sand_Road_A.uasset" 125
"../../../TheArena/Content/Assets/Meshes/SciFi/Barrier_02.uasset" 126
"../../../TheArena/Content/Assets/Meshes/SciFi/Barrier_05.uasset" 127
"../../../TheArena/Content/Assets/Meshes/SciFi/Box_01.uasset" 128
"../../../TheArena/Content/Assets/Meshes/SciFi/Box_03.uasset" 129
"../../../TheArena/Content/Assets/Meshes/SciFi/Box_05.uasset" 130
"../../../TheArena/Content/Assets/Meshes/SciFi/Box_06.uasset" 131
"../../../TheArena/Content/Assets/Meshes/SciFi/Ceiling_01.uasset" 132
"../../../TheArena/Content/Assets/Meshes/SciFi/Clamp_el_03.uasset" 133
"../../../TheArena/Content/Assets/Meshes/SciFi/Corner_02D.uasset" 134
"../../../TheArena/Content/Assets/Meshes/SciFi/Cylinder_03.uasset" 135
"../../../TheArena/Content/Assets/Meshes/SciFi/Gate_01.uasset" 136
"../../../TheArena/Content/Assets/Meshes/SciFi/Gate_02.uasset" 137
"../../../TheArena/Content/Assets/Meshes/SciFi/Gate_round_01.uasset" 138
"../../../TheArena/Content/Assets/Meshes/SciFi/Generator_04.uasset" 139
"../../../TheArena/Content/Assets/Textures/SciFi/Grid1.uasset" 140
"../../../TheArena/Content/Assets/Textures/SciFi/Grid1_nmp.uasset" 141
"../../../TheArena/Content/Assets/Materials/SciFi/M_Grid.uasset" 142
"../../../TheArena/Content/Assets/Meshes/SciFi/Grid_01C.uasset" 143
"../../../TheArena/Content/Assets/Meshes/SciFi/Grid_02C.uasset" 144
"../../../TheArena/Content/Assets/Meshes/SciFi/Grid_03C.uasset" 145
"../../../TheArena/Content/Assets/Meshes/SciFi/Grid_04A.uasset" 146
"../../../TheArena/Content/Assets/Meshes/SciFi/Grid_04C.uasset" 147
"../../../TheArena/Content/Assets/Meshes/SciFi/Ground_01.uasset" 148
"../../../TheArena/Content/Assets/Meshes/SciFi/Ground_04.uasset" 149
"../../../TheArena/Content/Assets/Meshes/SciFi/Ground_05.uasset" 150
"../../../TheArena/Content/Assets/Meshes/SciFi/Ground_05B.uasset" 151
"../../../TheArena/Content/Assets/Meshes/SciFi/Ground_double_01.uasset" 152
"../../../TheArena/Content/Assets/Textures/SciFi/Glows.uasset" 153
"../../../TheArena/Content/Assets/Textures/SciFi/ScanLines.uasset" 154
"../../../TheArena/Content/Assets/Materials/SciFi/M_TopDownGlow.uasset" 155
"../../../TheArena/Content/Assets/Meshes/SciFi/Lab_el_02.uasset" 156
"../../../TheArena/Content/Assets/Materials/SciFi/M_TopDownSciFi_Lights_Inst2.uasset" 157
"../../../TheArena/Content/Assets/Meshes/SciFi/Light_01.uasset" 158
"../../../TheArena/Content/Assets/Meshes/SciFi/Pillar_02.uasset" 159
"../../../TheArena/Content/Assets/Meshes/SciFi/Pillar_04.uasset" 160
"../../../TheArena/Content/Assets/Meshes/SciFi/Pillar_05B.uasset" 161
"../../../TheArena/Content/Assets/Meshes/SciFi/Pipe_01.uasset" 162
"../../../TheArena/Content/Assets/Meshes/SciFi/Pipe_02.uasset" 163
"../../../TheArena/Content/Assets/Meshes/SciFi/Pipe_02B.uasset" 164
"../../../TheArena/Content/Assets/Meshes/SciFi/Pipe_02C.uasset" 165
"../../../TheArena/Content/Assets/Meshes/SciFi/Powerbox_01.uasset" 166
"../../../TheArena/Content/Assets/Meshes/SciFi/Stairs_01_phys.uasset" 167
"../../../TheArena/Content/Assets/Meshes/SciFi/Stairs_02_barrier.uasset" 168
"../../../TheArena/Content/Assets/Meshes/SciFi/Stairs_02B.uasset" 169
"../../../TheArena/Content/Assets/Meshes/SciFi/Stand_01A.uasset" 170
"../../../TheArena/Content/Assets/Meshes/SciFi/Stand_02A.uasset" 171
"../../../TheArena/Content/Assets/Meshes/SciFi/Table_02.uasset" 172
"../../../TheArena/Content/Assets/Meshes/SciFi/Wall_02.uasset" 173
"../../../TheArena/Content/Assets/Meshes/SciFi/Wall_10_column.uasset" 174
"../../../TheArena/Content/Assets/Meshes/SciFi/Wall_el_05.uasset" 175
"../../../TheArena/Content/Assets/Meshes/SciFi/Wall_el_06.uasset" 176
"../../../TheArena/Content/Assets/Meshes/SciFi/Wall_el_07.uasset" 177
"../../../TheArena/Content/Assets/Meshes/SciFi/Wall_el_08.uasset" 178
"../../../TheArena/Content/Assets/Meshes/SciFi/Wall_el_09.uasset" 179
"../../../TheArena/Content/Assets/Meshes/SciFi/Wall_round_01.uasset" 180
"../../../TheArena/Content/Assets/Meshes/SciFi/Wall_round_03.uasset" 181
"../../../TheArena/Content/Assets/Meshes/SciFi/Wall_round_el_01.uasset" 182
"../../../TheArena/Content/Assets/Meshes/SciFi/Wall_up_02.uasset" 183
"../../../TheArena/Content/Assets/Meshes/SciFi/Wall_up_04.uasset" 184
"../../../TheArena/Content/Assets/Meshes/SciFi/Wall_up_05.uasset" 185
"../../../TheArena/Content/Assets/Meshes/SciFi/Wall_up_06.uasset" 186
"../../../TheArena/Content/Assets/Meshes/SciFi/Wall_up_07.uasset" 187
"../../../TheArena/Content/Assets/Materials/SciFi/M_Windows.uasset" 188
"../../../TheArena/Content/Assets/Meshes/SciFi/Window_05.uasset" 189
"../../../TheArena/Content/Env/Infil1_Grounds/Textures/T_Infil1_Concrete_Grime_01_D.uasset" 190
"../../../TheArena/Content/Env/Infrastructure/Concrete/Textures/T_Infil1_Concrete_Wall01.uasset" 191
"../../../TheArena/Content/Env/Infrastructure/Concrete/Textures/T_Infil1_Concrete_Wall01_N.uasset" 192
"../../../TheArena/Content/Env/Infrastructure/Concrete/Textures/T_Infil1_Concrete_Wall02.uasset" 193
"../../../TheArena/Content/Env/Infrastructure/Concrete/Textures/T_Infil1_Concrete_Wall02_N.uasset" 194
"../../../TheArena/Content/Env/Infrastructure/Concrete/Textures/T_Infil1_Concrete_Wall03.uasset" 195
"../../../TheArena/Content/Env/Infrastructure/Concrete/Textures/T_Infil1_Concrete_Wall03_n.uasset" 196
"../../../TheArena/Content/Env/Infrastructure/Concrete/Textures/T_Infil1_Concrete_Wall04.uasset" 197
"../../../TheArena/Content/Env/Infrastructure/Concrete/Textures/T_Infil1_Concrete_Wall04_N.uasset" 198
"../../../TheArena/Content/Env/Materials/Textures/Concrete/T_Concrete01_D.uasset" 199
"../../../TheArena/Content/Env/Materials/Textures/Noise/TilingNoise14.uasset" 200
"../../../TheArena/Content/Env/Materials/Textures/Wet/T_Environment_Materials_Wet_Floor.uasset" 201
"../../../TheArena/Content/Env/Materials/Textures/Wet/T_Environment_Materials_Wet_Wall.uasset" 202
"../../../Engine/Content/Functions/MaterialLayerFunctions/MatLayerBlend_Simple.uasset" 203
"../../../TheArena/Content/Env/Infil1_Grounds/Textures/T_Infil1_Concrete_Grime_01_N.uasset" 204
"../../../TheArena/Content/Env/Infil1_Grounds/MaterialLayers/ML_Infil1_Concrete_Grime.uasset" 205
"../../../TheArena/Content/Env/Materials/MaterialLayers/Infil1/Concrete/ML_Infil1_ConcreteWall03.uasset" 206
"../../../TheArena/Content/Env/Materials/MaterialLayers/UNV/Wet/ML_UNV_Wet01.uasset" 207
"../../../TheArena/Content/Env/Underground/Infrastructure/Textures/T_Screw_MainHull_Mask.uasset" 208
"../../../TheArena/Content/Env/Underground/Infrastructure/Material/MF_HubGrime.uasset" 209
"../../../TheArena/Content/Env/Underground/Infrastructure/Material/M_ScrewMainHull_Concrete01.uasset" 210
"../../../Engine/Content/Functions/MaterialLayerFunctions/MatLayerBlend_ModulateRoughness.uasset" 211
"../../../TheArena/Content/Env/Infrastructure/Concrete/MaterialLayers/ML_Infil1_Concrete_Wall01.uasset" 212
"../../../TheArena/Content/Env/Underground/Infrastructure/Material/M_ScrewMainHull_Concrete02.uasset" 213
"../../../TheArena/Content/Env/Infrastructure/Concrete/MaterialLayers/ML_Infil1_Concrete_Wall02.uasset" 214
"../../../TheArena/Content/Env/Underground/Infrastructure/Material/M_ScrewMainHull_Concrete03.uasset" 215
"../../../TheArena/Content/Env/Infrastructure/Concrete/MaterialLayers/ML_Infil1_Concrete_Wall04.uasset" 216
"../../../TheArena/Content/Env/Underground/Infrastructure/Material/M_ScrewMainHull_Concrete04.uasset" 217
"../../../TheArena/Content/Env/Underground/Infrastructure/Model/Screw_MainHull01_Split01.uasset" 218
"../../../TheArena/Content/Env/Underground/Infrastructure/Model/Screw_MainHull01_Split03.uasset" 219
"../../../TheArena/Content/Sounds/Music/Ambience.uasset" 220
"../../../TheArena/Content/Sounds/Music/Ambience_Cue.uasset" 221
"../../../TheArena/Content/Maps/TheArenaPrototype3.umap" 222
"../../../TheArena/Content/Blueprints/Props/BlueTeam.uasset" 223
"../../../TheArena/Content/Blueprints/Props/RedTeam.uasset" 224
"../../../Engine/Content/EngineMaterials/DefaultWhiteGrid.uasset" 225
"../../../Engine/Content/EngineMaterials/Grid_N.uasset" 226
"../../../TheArena/Content/Assets/Materials/Templates/M_LayoutMat.uasset" 227
"../../../TheArena/Content/Assets/Materials/Templates/M_LayoutMat_Inst.uasset" 228
"../../../TheArena/Content/Assets/Materials/Templates/M_LayoutMat_Inst2.uasset" 229
"../../../TheArena/Content/Assets/Materials/Templates/M_LayoutMat_Inst3.uasset" 230
"../../../TheArena/Content/Maps/TheArenaPrototype2.umap" 231
"../../../TheArena/Content/Maps/TheArenaPrototype.umap" 232
"../../../TheArena/Content/Assets/Meshes/SciFi/Doors_01A.uasset" 233
"../../../TheArena/Content/Assets/Meshes/SciFi/Doors_01B.uasset" 234
"../../../TheArena/Content/Blueprints/Environment/Small_Double_Doors.uasset" 235
"../../../TheArena/Content/Assets/Meshes/SciFi/Locker_04A.uasset" 236
"../../../TheArena/Content/Blueprints/Props/EquipmentLocker.uasset" 237
"../../../TheArena/Content/Assets/Textures/Bunker/ground_concrete_A_C.uasset" 238
"../../../TheArena/Content/Assets/Textures/Bunker/ground_concrete_A_N.uasset" 239
"../../../TheArena/Content/Assets/Textures/Bunker/ground_concrete_A_R.uasset" 240
"../../../TheArena/Content/Assets/Materials/Bunker/ground_concrete.uasset" 241
"../../../TheArena/Content/Assets/Textures/Bunker/metalElements_C.uasset" 242
"../../../TheArena/Content/Assets/Textures/Bunker/metalElements_N.uasset" 243
"../../../TheArena/Content/Assets/Textures/Bunker/metalElements_R.uasset" 244
"../../../TheArena/Content/Assets/Materials/Bunker/metalElements.uasset" 245
"../../../TheArena/Content/Assets/Meshes/Bunker/Props/Cables_cables_B.uasset" 246
"../../../TheArena/Content/Assets/Meshes/SciFi/Bench.uasset" 247
"../../../TheArena/Content/Assets/Meshes/SciFi/Box_02.uasset" 248
"../../../TheArena/Content/Assets/Meshes/SciFi/Box_04.uasset" 249
"../../../TheArena/Content/Assets/Meshes/SciFi/Cable1.uasset" 250
"../../../TheArena/Content/Assets/Meshes/SciFi/Chair_02.uasset" 251
"../../../TheArena/Content/Assets/Meshes/SciFi/Clamp_el_02.uasset" 252
"../../../TheArena/Content/Assets/Meshes/SciFi/Corner_01A.uasset" 253
"../../../TheArena/Content/Assets/Meshes/SciFi/Generator_05.uasset" 254
"../../../TheArena/Content/Assets/Meshes/SciFi/Grid_01A.uasset" 255
"../../../TheArena/Content/Assets/Meshes/SciFi/Grid_05C.uasset" 256
"../../../TheArena/Content/Assets/Meshes/SciFi/Ground_06.uasset" 257
"../../../TheArena/Content/Assets/Meshes/SciFi/LED_03.uasset" 258
"../../../TheArena/Content/Assets/Meshes/SciFi/LED_04.uasset" 259
"../../../TheArena/Content/Assets/Meshes/SciFi/LED_07B.uasset" 260
"../../../TheArena/Content/Assets/Meshes/SciFi/Locker_01A.uasset" 261
"../../../TheArena/Content/Assets/Meshes/SciFi/Pillar_01.uasset" 262
"../../../TheArena/Content/Assets/Meshes/SciFi/Table_03.uasset" 263
"../../../TheArena/Content/Assets/Meshes/SciFi/Table_04.uasset" 264
"../../../TheArena/Content/Assets/Meshes/SciFi/Tactical_Panel.uasset" 265
"../../../TheArena/Content/Assets/Meshes/SciFi/Vents_01.uasset" 266
"../../../TheArena/Content/Assets/Meshes/SciFi/Wall_04.uasset" 267
"../../../TheArena/Content/Sounds/Music/LobbyMusic.uasset" 268
"../../../TheArena/Content/Sounds/Music/LobbyMusic_Cue.uasset" 269
"../../../TheArena/Content/Maps/StagingArea.umap" 270
"../../../Engine/Content/Functions/MaterialLayerFunctions/MatLayerBlend_AO.uasset" 271
"../../../Engine/Content/Functions/MaterialLayerFunctions/MatLayerBlend_BakedNormal.uasset" 272
"../../../TheArena/Content/Env/Infrastructure/Concrete/Textures/T_Infil1_Generic_Concrete_Base_07.uasset" 273
"../../../TheArena/Content/Env/Infrastructure/Concrete/Textures/T_Infil1_Generic_Concrete_Base_07_N.uasset" 274
"../../../TheArena/Content/Env/Infrastructure/Concrete/MaterialLayers/ML_Infil1_Generic_Concrete_Base07.uasset" 275
"../../../TheArena/Content/Env/Infil1_City_Decos/Texture/T_Infil1_City_Stairs_Flat_M.uasset" 276
"../../../TheArena/Content/Env/Infil1_City_Decos/Texture/T_Infil1_City_Stairs_Flat_N.uasset" 277
"../../../TheArena/Content/Env/Infil1_City_Decos/Material/M_Infil1_City_Stairs_Flat.uasset" 278
"../../../Engine/Content/Functions/MaterialLayerFunctions/MatLayerBlend_Emissive.uasset" 279
"../../../TheArena/Content/Env/Infil1_City_Decos/Texture/T_Infil1_City_Decos_BalustradeTrim_Metal_N.uasset" 280
"../../../TheArena/Content/Env/Infrastructure/Metals/Texture/T_Infil1_Courthouse_Facade_Metal.uasset" 281
"../../../TheArena/Content/Env/Infil1_City_Decos/MaterialLayers/ML_Infil1_Courthouse_Facade_Metal.uasset" 282
"../../../TheArena/Content/Env/Materials/Textures/Metal/T_Metal_Metal03_D.uasset" 283
"../../../TheArena/Content/Env/Materials/Textures/Metal/T_Metal_Metal03_N.uasset" 284
"../../../TheArena/Content/Env/Materials/MaterialLayers/Infil1/Metal/ML_Infil1_Shiny_Grey_1.uasset" 285
"../../../TheArena/Content/Env/Infil1_Courthouse/Texture/T_Infil1_BuildingSetA_Volute_E.uasset" 286
"../../../TheArena/Content/Env/Infil1_Courthouse/Texture/T_Infil1_BuildingSetA_Volute_M.uasset" 287
"../../../TheArena/Content/Env/Infil1_Courthouse/Texture/T_Infil1_BuildingSetA_Volute_N.uasset" 288
"../../../TheArena/Content/Env/Infil1_Courthouse/Material/M_Infil1_BuildingSetA_Metal_Volute.uasset" 289
"../../../Engine/Content/Functions/MaterialLayerFunctions/MatLayerBlend_NormalBlend.uasset" 290
"../../../Engine/Content/Functions/MaterialLayerFunctions/MatLayerBlend_Tint.uasset" 291
"../../../TheArena/Content/Env/Infrastructure/Metals/Texture/T_Infil1_Metal_Copper_Base_N.uasset" 292
"../../../TheArena/Content/Env/Infrastructure/Metals/Texture/T_Infil1_Metal_Copper_Oxidized_2_D.uasset" 293
"../../../TheArena/Content/Env/Infrastructure/Metals/MaterialLayers/ML_Infil1_Copper_Base.uasset" 294
"../../../TheArena/Content/Env/Infrastructure/Metals/Texture/T_Infil1_Metal_Copper_Flat_N.uasset" 295
"../../../TheArena/Content/Env/Infrastructure/Metals/Texture/T_Infil1_Metal_Copper_Oxidized_D.uasset" 296
"../../../TheArena/Content/Env/Infrastructure/Metals/MaterialLayers/ML_Infil1_Copper_Flat.uasset" 297
"../../../TheArena/Content/Env/Infrastructure/Metals/Texture/T_Infil1_Metal_Copper_Grime_D.uasset" 298
"../../../TheArena/Content/Env/Infrastructure/Metals/Texture/T_Infil1_Metal_Copper_Grime_N.uasset" 299
"../../../TheArena/Content/Env/Infrastructure/Metals/MaterialLayers/ML_Infil1_Copper_Grime.uasset" 300
"../../../TheArena/Content/Env/Infil1_Courthouse/Texture/T_Infil1_Courthouse_Roof_02_D.uasset" 301
"../../../TheArena/Content/Env/Infil1_Courthouse/Texture/T_Infil1_Courthouse_Roof_02_N.uasset" 302
"../../../TheArena/Content/Env/Infil1_Courthouse/Texture/T_Infil1_Courthouse_Roof_M.uasset" 303
"../../../TheArena/Content/Env/Infil1_Hub/Walls/Texture/WarbleNormal.uasset" 304
"../../../TheArena/Content/Env/Infil1_Courthouse/Material/M_Infil1_Courthouse_Roof_Oxidized_Copper_Panels.uasset" 305
"../../../TheArena/Content/Env/Infil1_Background/Texture/Cavewall_Normal.uasset" 306
"../../../TheArena/Content/Env/Materials/Textures/Wet/T_Environment_Materials_Wet_FluidNormal01.uasset" 307
"../../../TheArena/Content/Env/Infil1_Courthouse/Material/TestGlass.uasset" 308
"../../../TheArena/Content/Env/Infrastructure/Metals/Texture/T_Infil1_Pipe_Ribbed_D.uasset" 309
"../../../TheArena/Content/Env/Infrastructure/Metals/Texture/T_Infil1_Pipe_Ribbed_N.uasset" 310
"../../../TheArena/Content/Env/Infrastructure/Metals/MaterialLayers/ML_Infil1_Pipe_Ribbed_Matte.uasset" 311
"../../../TheArena/Content/Env/Infrastructure/Metals/Materials/M_Infil1_Metal_Pipe_Ribbed_Matte_Robot.uasset" 312
"../../../TheArena/Content/Environment/Textures/glass_2_2_nm.uasset" 313
"../../../TheArena/Content/Environment/Textures/glass_2_mask.uasset" 314
"../../../TheArena/Content/Environment/Materials/Windows_glass_trans.uasset" 315
"../../../TheArena/Content/Environment/Materials/Assets/Materials/M_LayoutMat.uasset" 316
"../../../TheArena/Content/Environment/Materials/Assets/Materials/M_LayoutMat_Inst3.uasset" 317
"../../../TheArena/Content/Environment/Materials/Assets/Materials/M_LayoutMat_Inst4.uasset" 318
"../../../TheArena/Content/Environment/Materials/M_LayoutMat.uasset" 319
"../../../TheArena/Content/Environment/Materials/M_LayoutMat_Inst3.uasset" 320
"../../../Engine/Content/BasicShapes/Cube.uasset" 321
"../../../Engine/Content/EngineMaterials/DefaultMaterial.uasset" 322
"../../../Engine/Content/BasicShapes/Cylinder.uasset" 323
"../../../Engine/Content/BasicShapes/Sphere.uasset" 324
"../../../TheArena/Content/Assets/Meshes/SciFi/Ground_double_02.uasset" 325
"../../../TheArena/Content/Assets/Meshes/SciFi/Ground_double_07.uasset" 326
"../../../TheArena/Content/Assets/Meshes/SciFi/Ground_double_08.uasset" 327
"../../../TheArena/Content/Assets/Meshes/SciFi/Locker_05C.uasset" 328
"../../../TheArena/Content/Assets/Meshes/SciFi/Pillar_up_05.uasset" 329
"../../../TheArena/Content/Assets/Meshes/SciFi/Stairs_01A.uasset" 330
"../../../TheArena/Content/Assets/Meshes/SciFi/Wall_06.uasset" 331
"../../../TheArena/Content/Assets/Meshes/SciFi/Wall_08.uasset" 332
"../../../TheArena/Content/Assets/Meshes/SciFi/Wall_09B.uasset" 333
"../../../TheArena/Content/Character/Infil1/DPW_Robot/Texture/T_DPW_Bot_Var.uasset" 334
"../../../Engine/Content/Functions/MaterialLayerFunctions/MatLayerBlend_Stain.uasset" 335
"../../../TheArena/Content/Env/Infrastructure/Metals/Texture/T_Infil1_Metal_Painted_03_D.uasset" 336
"../../../TheArena/Content/Env/Infil1_Buildings/Material/ML_Infil1_bronze_dark.uasset" 337
"../../../TheArena/Content/Env/Infrastructure/Metals/Texture/T_Infil1_Metal_Painted_03_N.uasset" 338
"../../../TheArena/Content/Env/Infrastructure/Metals/MaterialLayers/ML_Infil1_Metal_Painted_03.uasset" 339
"../../../TheArena/Content/Env/Materials/Functions/AlphaBlend/VertexBlend_Alpha.uasset" 340
"../../../TheArena/Content/Env/Infil1_Courthouse/Texture/bake_front__normals.uasset" 341
"../../../TheArena/Content/Env/Infil1_Courthouse/Texture/bake_front__occlusion.uasset" 342
"../../../TheArena/Content/Env/Infil1_Buildings/Material/MetalMaterial.uasset" 343
"../../../TheArena/Content/Env/Infrastructure/Metals/Texture/T_Infil1_Yellow_Painted_Metal_02_D.uasset" 344
"../../../TheArena/Content/Env/Infrastructure/Metals/Texture/T_Infil1_Yellow_Painted_Metal_02_N.uasset" 345
"../../../TheArena/Content/Env/Infrastructure/Metals/MaterialLayers/ML_Infil1_Gray_Painted_Metal_02.uasset" 346
"../../../TheArena/Content/Env/Materials/Textures/Metal/T_Metal_Metal02_N.uasset" 347
"../../../TheArena/Content/Env/Materials/Textures/Metal/T_Metal_Metal02c_D.uasset" 348
"../../../TheArena/Content/Env/Materials/MaterialLayers/Infil1/Metal/ML_Infil1_City_CopperMetal01_Line.uasset" 349
"../../../TheArena/Content/Env/Infil1_Courthouse/Texture/T_Infil1_Courthouse_Trim_M.uasset" 350
"../../../TheArena/Content/Env/Infil1_Courthouse/Texture/T_Infil1_Courthouse_Trim_N.uasset" 351
"../../../TheArena/Content/Env/Infil1_Courthouse/Texture/T_Infil1_Courthouse_Facade_Front_M.uasset" 352
"../../../TheArena/Content/Env/Infil1_Courthouse/Texture/T_Infil1_Courthouse_Facade_N.uasset" 353
"../../../TheArena/Content/Env/Infil1_Courthouse/Material/M_Infil1_Courthouse_Facade_Front_Metal.uasset" 354
"../../../TheArena/Content/Env/Infil1_Buildings/Mesh/SM_Infil1_COurthouseEdgeTrim1.uasset" 355
"../../../TheArena/Content/Env/Infil1_Buildings/Material/MetalMaterial_TRIM.uasset" 356
"../../../Engine/Content/Functions/Engine_MaterialFunctions01/Texturing/ComputeMipLevel.uasset" 357
"../../../Engine/Content/Functions/Engine_MaterialFunctions02/Utility/Swizzle.uasset" 358
"../../../TheArena/Content/Env/Infil1_Buildings/Texture/T_Plank_1_by_1.uasset" 359
"../../../TheArena/Content/Env/Infil1_Courthouse/Texture/T_RB_PlankMask_02.uasset" 360
"../../../TheArena/Content/Env/Infrastructure/Concrete/Textures/T_Infil1_Base_Brickwall_Grime_01.uasset" 361
"../../../TheArena/Content/Env/Infrastructure/Concrete/Textures/T_Infil1_Concrete_Busted_01_N.uasset" 362
"../../../TheArena/Content/Env/Infil1_Buildings/Material/Plank_and_Tile.uasset" 363
"../../../TheArena/Content/Env/Materials/Textures/Wet/T_Environment_Materials_Wet_TilingFlow02.uasset" 364
"../../../TheArena/Content/Env/Materials/MaterialLayers/UNV/Wet/GroundWetness.uasset" 365
"../../../TheArena/Content/Env/Infil1_Background/Texture/T_Concrete_Alpha_Hipass.uasset" 366
"../../../TheArena/Content/Env/Infil1_Buildings/Texture/T_Flatnormal_01.uasset" 367
"../../../TheArena/Content/Env/Infil1_Buildings/Material/M_Plank_and_Tile_Test.uasset" 368
"../../../TheArena/Content/Env/Infil1_Buildings/Texture/T_Plank_1_by_1_Glass.uasset" 369
"../../../TheArena/Content/Env/Infil1_Buildings/Material/Bricks.uasset" 370
"../../../TheArena/Content/Env/Infil1_Buildings/Mesh/SM_Infil_BuildingMedium_01_tier1_03.uasset" 371
"../../../TheArena/Content/Env/Infil1_Buildings/Texture/T_WallArch_M.uasset" 372
"../../../TheArena/Content/Env/Infil1_Buildings/Texture/T_WallArch_N.uasset" 373
"../../../TheArena/Content/Env/Infrastructure/Concrete/Textures/T_Infil1_Tunnel_Base.uasset" 374
"../../../TheArena/Content/Env/Infrastructure/Concrete/Textures/T_Infil1_Tunnel_Base_N.uasset" 375
"../../../TheArena/Content/Env/Infil1_City_Decos/MaterialLayers/ML_Infil1_Balustrade_Base_Concrete.uasset" 376
"../../../TheArena/Content/Env/Infil1_City_Decos/Texture/T_Concrete_Dirty.uasset" 377
"../../../TheArena/Content/Env/Infil1_City_Decos/MaterialLayers/ML_Infil1_Balustrade_Concrete_Grime.uasset" 378
"../../../TheArena/Content/Env/Infil1_City_Decos/Texture/T_Infil1_City_Decos_BalustradePillars_2_M.uasset" 379
"../../../TheArena/Content/Env/Infil1_City_Decos/Texture/T_Infil1_City_Decos_BalustradePillars_M.uasset" 380
"../../../TheArena/Content/Env/Infil1_City_Decos/Texture/T_Infil1_City_Decos_BalustradePillars_N.uasset" 381
"../../../TheArena/Content/Env/Infrastructure/Concrete/Textures/T_Infil1_Concrete_Sidewalk_M.uasset" 382
"../../../TheArena/Content/Env/Infil1_City_Decos/Material/M_Infil1_Balustrade_Pillar_Concrete.uasset" 383
"../../../TheArena/Content/Env/Infil1_City_Decos/Texture/T_Infil1_City_Decos_BalustradeTrim_Metal.uasset" 384
"../../../TheArena/Content/Env/Infrastructure/Metals/MaterialLayers/ML_Infil1_Balustrade_Base_Metal.uasset" 385
"../../../TheArena/Content/Env/Infrastructure/Metals/Texture/T_Infil1_Yellow_Painted_Metal_03_D.uasset" 386
"../../../TheArena/Content/Env/Infrastructure/Metals/Texture/T_Infil1_Yellow_Painted_Metal_03_N.uasset" 387
"../../../TheArena/Content/Env/Infrastructure/Metals/MaterialLayers/ML_Infil1_Metal_Base_Gray_01.uasset" 388
"../../../TheArena/Content/Env/Infrastructure/Metals/Texture/T_Infil1_Metal_Rust_03_D.uasset" 389
"../../../TheArena/Content/Env/Infrastructure/Metals/Texture/T_Infil1_Metal_Rust_03_N.uasset" 390
"../../../TheArena/Content/Env/Infrastructure/Metals/MaterialLayers/ML_Infil1_Metal_Rust_03.uasset" 391
"../../../TheArena/Content/Env/Infil1_City_Decos/Texture/T_Infil1_City_Decos_AO.uasset" 392
"../../../TheArena/Content/Env/Infil1_City_Decos/Material/M_Infil1_Balustrade_Pillar_Metal.uasset" 393
"../../../TheArena/Content/Env/Infrastructure/Metals/Texture/T_Infil1_Red_Painted_Metal_D.uasset" 394
"../../../TheArena/Content/Env/Infrastructure/Metals/Texture/T_Infil1_Red_Painted_Metal_N.uasset" 395
"../../../TheArena/Content/Env/Infrastructure/Metals/MaterialLayers/ML_Infil1_Red_Painted_Metal.uasset" 396
"../../../TheArena/Content/Env/Infil1_City_Decos/Material/M_Infil1_Balustrade_Pillar_Metal_Dark.uasset" 397
"../../../TheArena/Content/Env/Infil1_City_Decos/Mesh/City_BalustradePillar001a.uasset" 398
"../../../TheArena/Content/Env/Infil1_City_Decos/Texture/T_Infil1_City_Patina_Metal_1_N.uasset" 399
"../../../TheArena/Content/Env/Infil1_City_Decos/Texture/T_Male_Statue_Naked_AO.uasset" 400
"../../../TheArena/Content/Env/Infil1_City_Decos/Texture/T_Male_Statue_Naked_N.uasset" 401
"../../../TheArena/Content/Env/Infil1_City_Decos/Texture/T_patinagreen.uasset" 402
"../../../TheArena/Content/Env/Infil1_City_Decos/Material/AntiqueBronze.uasset" 403
"../../../TheArena/Content/Env/Infil1_City_Decos/Mesh/Male_Statue_Naked01.uasset" 404
"../../../TheArena/Content/Env/Infrastructure/Metals/Texture/T_Infil1_Base_Metal_Light_D.uasset" 405
"../../../TheArena/Content/Env/Infrastructure/Metals/Texture/T_Infil1_Base_Metal_Light_N.uasset" 406
"../../../TheArena/Content/Env/Infrastructure/Metals/MaterialLayers/ML_Infil1_Metal_Base_Light.uasset" 407
"../../../TheArena/Content/Env/Infrastructure/Metals/MaterialLayers/ML_Infil1_Metal_Painted_Bench.uasset" 408
"../../../TheArena/Content/Env/Infil1_City_Decos/Mesh/T_Infil1_City_Decos_Bench_M.uasset" 409
"../../../TheArena/Content/Env/Infil1_City_Decos/Mesh/T_Infil1_City_Decos_Bench_N.uasset" 410
"../../../TheArena/Content/Env/Infil1_City_Decos/M_Infil1_City_Deco_Bench.uasset" 411
"../../../TheArena/Content/Env/Infil1_City_Decos/Mesh/SM_Infil1_City_Decos_Bench.uasset" 412
"../../../TheArena/Content/Env/Infrastructure/Metals/Texture/T_Metal_Metal03_D.uasset" 413
"../../../TheArena/Content/Env/Infrastructure/Metals/Texture/T_Metal_Metal03_N.uasset" 414
"../../../TheArena/Content/Env/Infrastructure/Metals/MaterialLayers/ML_Infil1_Metals_Pipe_2.uasset" 415
"../../../TheArena/Content/Env/Infrastructure/Metals/MaterialLayers/ML_Infil1_Metals_Pipe_3.uasset" 416
"../../../TheArena/Content/Env/Infil1_City_Decos/Texture/T_Infil1_City_FingerBracket_E.uasset" 417
"../../../TheArena/Content/Env/Infil1_City_Decos/Texture/T_Infil1_City_FingerBracket_M.uasset" 418
"../../../TheArena/Content/Env/Infil1_City_Decos/Texture/T_Infil1_City_FingerBracket_N.uasset" 419
"../../../TheArena/Content/Env/Infil1_City_Decos/Material/M_Infil1_City_FingerBracket_1.uasset" 420
"../../../TheArena/Content/Env/Infil1_City_Decos/Mesh/SM_Infil1_City_FingerBracket3.uasset" 421
"../../../TheArena/Content/Env/Materials/MaterialLayers/Infil1/Metal/ML_Infil1_Shiny_Grey_2.uasset" 422
"../../../TheArena/Content/Env/Infil1_City_Decos/Texture/T_Infil1_City_JusticePlinths_M.uasset" 423
"../../../TheArena/Content/Env/Infil1_City_Decos/Texture/T_Infil1_City_JusticePlinths_N.uasset" 424
"../../../TheArena/Content/Env/Infil1_City_Decos/Material/M_Infil1_City_Justice_Plinths.uasset" 425
"../../../TheArena/Content/Env/Infil1_City_Decos/Mesh/SM_Infil1_City_JusticePlinth1.uasset" 426
"../../../TheArena/Content/Env/Infil1_City_Decos/Material/M_Infil1_City_Justice_Plinths_2.uasset" 427
"../../../TheArena/Content/Env/Infil1_City_Decos/Mesh/SM_Infil1_City_JusticePlinth2.uasset" 428
"../../../TheArena/Content/Env/Infil1_City_Decos/Texture/T_Infil1_City_Roof_Trim_Var1_AO.uasset" 429
"../../../TheArena/Content/Env/Infil1_City_Decos/Material/M_Infil1_City_Roof_Trim_Var1.uasset" 430
"../../../TheArena/Content/Env/Infil1_City_Decos/Mesh/SM_Infil1_City_Roof_Trim_VarA.uasset" 431
"../../../Engine/Content/EditorMaterials/Cascade/CASC_Cross.uasset" 432
"../../../Engine/Content/EditorMaterials/Cascade/CASC_None.uasset" 433
"../../../Engine/Content/Functions/Engine_MaterialFunctions03/Blends/Blend_Overlay.uasset" 434
"../../../TheArena/Content/Env/Infrastructure/Metals/Texture/T_Infil1_City_Statue_Bronze.uasset" 435
"../../../TheArena/Content/Env/Infrastructure/Metals/Texture/T_Infil1_Metal_Copper_Shiny_N.uasset" 436
"../../../TheArena/Content/Env/Infrastructure/Metals/MaterialLayers/ML_Infil1_City_Statue_Bronze.uasset" 437
"../../../TheArena/Content/Env/Infrastructure/Metals/Texture/T_Infil1_Metal_Bronze_Grime.uasset" 438
"../../../TheArena/Content/Env/Infrastructure/Metals/MaterialLayers/ML_Infil1_Copper_Grime2.uasset" 439
"../../../TheArena/Content/Env/Infil1_City_Decos/Texture/T_Female_Statue_Naked_AO.uasset" 440
"../../../TheArena/Content/Env/Infil1_City_Decos/Texture/T_Female_Statue_Naked_N.uasset" 441
"../../../TheArena/Content/Env/Infil1_City_Decos/Texture/T_Infil1_City_Deco_Planter_Top_M.uasset" 442
"../../../TheArena/Content/Env/Infil1_City_Decos/Material/M_City_Statue_Master.uasset" 443
"../../../TheArena/Content/Env/Infil1_City_Decos/Texture/T_Ascend_Statue_AO.uasset" 444
"../../../TheArena/Content/Env/Infil1_City_Decos/Texture/T_Ascend_Statue_N.uasset" 445
"../../../TheArena/Content/Env/Infil1_City_Decos/Material/M_Infil1_Bronze_Statue_Master_Ascend.uasset" 446
"../../../TheArena/Content/Env/Infil1_City_Decos/Mesh/SM_Infil1_Deco_FemStatue02.uasset" 447
"../../../TheArena/Content/Env/Infil1_City_Decos/Material/TempGrey.uasset" 448
"../../../TheArena/Content/Env/Infil1_City_Decos/Mesh/Statue_2simple.uasset" 449
"../../../TheArena/Content/Env/Infil1_City_Decos/Texture/T_Cloakwithsword_AO.uasset" 450
"../../../TheArena/Content/Env/Infil1_City_Decos/Texture/T_CloakwithSword_N.uasset" 451
"../../../TheArena/Content/Env/Infil1_City_Decos/Material/M_Infil1_Bronze_Statue_CloakedwithSword.uasset" 452
"../../../TheArena/Content/Env/Infil1_City_Decos/Material/M_Infil1_Bronze_Statue_Master_Cloaked.uasset" 453
"../../../TheArena/Content/Env/Infil1_City_Decos/Mesh/Statue_CloakedWithSword.uasset" 454
"../../../TheArena/Content/Env/Infil1_City_Decos/Mesh/T_City_AboveGround_Railing_D.uasset" 455
"../../../TheArena/Content/Env/Infil1_City_Decos/Mesh/T_City_AboveGround_Railing_N.uasset" 456
"../../../TheArena/Content/Env/Infil1_Courthouse/Texture/T_Infil1_BuildingSetA_Door_M.uasset" 457
"../../../TheArena/Content/Env/Infil1_Courthouse/Texture/T_Infil1_BuildingSetA_Door_N.uasset" 458
"../../../TheArena/Content/Env/Infil1_Courthouse/Material/M_Infil1_BuidingSetA_Door.uasset" 459
"../../../TheArena/Content/Env/Infrastructure/Concrete/Textures/T_Infil1_Generic_Concrete_Base02.uasset" 460
"../../../TheArena/Content/Env/Infrastructure/Concrete/Textures/T_Infil1_Generic_Concrete_Base02_N.uasset" 461
"../../../TheArena/Content/Env/Infrastructure/Concrete/MaterialLayers/ML_Infil1_Generic_Concrete_Base02.uasset" 462
"../../../TheArena/Content/Env/Materials/Functions/TexCoord/TexCoordIndexParameter.uasset" 463
"../../../TheArena/Content/Env/Infil1_Courthouse/Material/M_WallArch_Mat.uasset" 464
"../../../TheArena/Content/Env/Infil1_Courthouse/Material/M_WallArch_Mat_Wet.uasset" 465
"../../../TheArena/Content/Env/Infil1_Buildings/Texture/T_CrazylightMask_01.uasset" 466
"../../../TheArena/Content/Env/Materials/Textures/T_WindowParallax_details.uasset" 467
"../../../TheArena/Content/Env/Materials/Textures/Window_Roomshape_heights.uasset" 468
"../../../TheArena/Content/Env/Materials/Functions/MF_BumpoffsetWindows.uasset" 469
"../../../TheArena/Content/Env/Infil1_Courthouse/Texture/T_RB_PlankMask_01.uasset" 470
"../../../TheArena/Content/Env/Materials/Textures/T_Plank_1_by_1_Glass_N_Dtx5.uasset" 471
"../../../TheArena/Content/Env/Materials/Textures/T_RB_Glasstest_SoftAlpha_01.uasset" 472
"../../../TheArena/Content/Env/Materials/MaterialLayers/GridMaterials/Glass/ML_Plank_and_Tile_Glass.uasset" 473
"../../../TheArena/Content/Env/Infil1_Courthouse/Texture/T_RB_PlankMask_01c.uasset" 474
"../../../TheArena/Content/Env/Infil1_Courthouse/Texture/T_Tile_WindowBars_02_N.uasset" 475
"../../../TheArena/Content/Env/Materials/MaterialLayers/GridMaterials/Glass/M_GlassGrid_Master.uasset" 476
"../../../TheArena/Content/Env/Materials/MaterialLayers/GridMaterials/Glass/M_GlassGrid_Master_Submaster.uasset" 477
"../../../TheArena/Content/Env/Infil1_Courthouse/Texture/T_WindowInterior_Room_01.uasset" 478
"../../../TheArena/Content/Env/Infil1_Courthouse/Material/MI_GlassGrid_2layers_Bars_HeavyMask3.uasset" 479
"../../../TheArena/Content/Env/Infil1_Courthouse/Mesh/Infil1_BuildingSetA_Door_01f_02c.uasset" 480
"../../../TheArena/Content/Env/Materials/MaterialLayers/GridMaterials/Glass/MI_GlassGrid_2layers_Bars_HeavyMask.uasset" 481
"../../../TheArena/Content/Env/Infil1_Courthouse/Mesh/Infil1_BuildingSetA_Door_01g_06.uasset" 482
"../../../TheArena/Content/Env/Infil1_Courthouse/Mesh/Infil1_BuildingSetA_Fountain_02a.uasset" 483
"../../../TheArena/Content/Env/Infil1_City_Decos/M_Railing.uasset" 484
"../../../TheArena/Content/Env/Infil1_Courthouse/Mesh/Infil1_BuildingSetA_Railing_01a.uasset" 485
"../../../TheArena/Content/Env/Infil1_Courthouse/Mesh/Infil1_BuildingSetA_Volute_01g.uasset" 486
"../../../TheArena/Content/Env/Infil1_Courthouse/Texture/T_Infil1_Courthouse_Facade_Side_M.uasset" 487
"../../../TheArena/Content/Env/Infil1_Courthouse/Texture/T_Infil1_Courthouse_Facade_Side_N.uasset" 488
"../../../TheArena/Content/Env/Infil1_Courthouse/Material/M_Infil1_Courthouse_Facade_Side_Metal_Trim_Tile.uasset" 489
"../../../TheArena/Content/Env/Infil1_Courthouse/Mesh/Infil1_Courthouse_Facade_01d_03a.uasset" 490
"../../../TheArena/Content/Env/Infil1_Courthouse/Texture/T_Infil1_Courthouse_Metal_Pillar_M.uasset" 491
"../../../TheArena/Content/Env/Infil1_Courthouse/Texture/T_Infil1_Courthouse_Pillar_N.uasset" 492
"../../../TheArena/Content/Env/Infil1_Courthouse/Material/M_Infil1_Courthouse_Metal_Pillar_tile.uasset" 493
"../../../TheArena/Content/Env/Infil1_Courthouse/Mesh/Infil1_Courthouse_Pillar_01f.uasset" 494
"../../../TheArena/Content/Env/Infil1_Courthouse/Texture/T_Infil1_Courthouse_StairBalustrade_D.uasset" 495
"../../../TheArena/Content/Env/Infil1_Courthouse/Texture/T_Infil1_Courthouse_StairBalustrade_E.uasset" 496
"../../../TheArena/Content/Env/Infil1_Courthouse/Texture/T_Infil1_Courthouse_StairBalustrade_N.uasset" 497
"../../../TheArena/Content/Env/Infil1_Courthouse/Material/M_Infil1_Courthouse_StairBalustrade_Metal.uasset" 498
"../../../TheArena/Content/Env/Infil1_Courthouse/Mesh/Infil1_Courthouse_StairBalustrade_01a.uasset" 499
"../../../TheArena/Content/Env/Infil1_Courthouse/Texture/T_Infil1_Courthouse_Metal_Trim_M.uasset" 500
"../../../TheArena/Content/Env/Infil1_Courthouse/Material/M_Infil1_Courthouse_Metal_Trim.uasset" 501
"../../../TheArena/Content/Env/Infrastructure/Concrete/Textures/T_Infil1_Concrete_Sidewalk_D.uasset" 502
"../../../TheArena/Content/Env/Infrastructure/Concrete/Textures/T_Infil1_Concrete_Sidewalk_N.uasset" 503
"../../../TheArena/Content/Env/Infrastructure/Concrete/MaterialLayers/ML_Concrete_Sidewalk.uasset" 504
"../../../TheArena/Content/Env/Infrastructure/Concrete/MaterialLayers/ML_Infil1_Brickwall_Grime.uasset" 505
"../../../TheArena/Content/Env/Infrastructure/Concrete/Material/M_Infil1_Generic_Concrete_Sidewalk_Wet.uasset" 506
"../../../TheArena/Content/Env/Infil1_Courthouse/Mesh/Infil1_Courthouse_TrimPiece_02b.uasset" 507
"../../../TheArena/Content/ExampleContent/Audio/Physical_Materials/Metal.uasset" 508
"../../../TheArena/Content/Maps/Shaft.umap" 509
"../../../TheArena/Content/UI/Menu/Icons/LoadingScreen.uasset" 510
"../../../TheArena/Content/UI/Menu/Icons/LoadingScreen_Mat.uasset" 511
"../../../Engine/Content/EditorMeshes/EditorPlane.uasset" 512
"../../../TheArena/Content/Sounds/Music/TitleSong2.uasset" 513
"../../../TheArena/Content/Sounds/Music/TitleSong2_Cue.uasset" 514
"../../../TheArena/Content/QualityMenu/Blueprints/util/GameSettingsInterface.uasset" 515
"../../../TheArena/Content/QualityMenu/Blueprints/util/AudioType.uasset" 516
"../../../TheArena/Content/QualityMenu/Blueprints/util/AudioUpdateStruct.uasset" 517
"../../../TheArena/Content/QualityMenu/Blueprints/GameSettings.uasset" 518
"../../../TheArena/Content/QualityMenu/Blueprints/util/GameSettingsMacros.uasset" 519
"../../../TheArena/Content/Blueprints/Game/ArenaGameInstanceBP.uasset" 520
"../../../TheArena/Content/UI/Menu/28_Days_Later.uasset" 521
"../../../TheArena/Content/UI/Menu/Icons/Ingenuity-logo-white-transparent-900x375.uasset" 522
"../../../TheArena/Content/UI/Menu/MainMenu/MainMenu.uasset" 523
"../../../TheArena/Content/Maps/TheArenaEntry.umap" 524
"../../../Engine/Content/Functions/Engine_MaterialFunctions01/Shading/PowerToRoughness.uasset" 525
"../../../Engine/Content/EngineMaterials/DefaultDeferredDecalMaterial.uasset" 526
"../../../Engine/Content/EngineMaterials/DefaultLightFunctionMaterial.uasset" 527
"../../../Engine/Content/Functions/Engine_MaterialFunctions02/Utility/BreakOutFloat2Components.uasset" 528
"../../../Engine/Content/EngineMaterials/DefaultPostProcessMaterial.uasset" 529
"../../../Engine/Content/EngineResources/DefaultTexture.uasset" 530
"../../../Engine/Content/Functions/Engine_MaterialFunctions02/Texturing/ScreenAlignedUVs.uasset" 531
"../../../Engine/Content/EngineResources/WhiteSquareTexture.uasset" 532
"../../../Engine/Content/EngineMaterials/Widget3DPassThrough.uasset" 533
"../../../Engine/Content/EngineMaterials/Widget3DPassThrough_Translucent.uasset" 534
"../../../Engine/Content/EngineMaterials/Widget3DPassThrough_Translucent_OneSided.uasset" 535
"../../../Engine/Content/EngineMaterials/Widget3DPassThrough_Opaque.uasset" 536
"../../../Engine/Content/EngineMaterials/Widget3DPassThrough_Opaque_OneSided.uasset" 537
"../../../Engine/Content/EngineMaterials/Widget3DPassThrough_Masked.uasset" 538
"../../../Engine/Content/EngineMaterials/Widget3DPassThrough_Masked_OneSided.uasset" 539
"../../../Engine/Content/EditorResources/S_Actor.uasset" 540
"../../../Engine/Content/Maps/Templates/Thumbnails/Default.uasset" 541
"../../../Engine/Content/EditorMaterials/ParticleSystems/PSysThumbnail_NoImage.uasset" 542
"../../../Engine/Content/EditorMaterials/ParticleSystems/PSysThumbnail_OOD.uasset" 543
"../../../Engine/Content/EditorLandscapeResources/DataLayer.uasset" 544
"../../../Engine/Content/EngineDamageTypes/DmgTypeBP_Environmental.uasset" 545
"../../../Engine/Content/EngineMeshes/Sphere.uasset" 546
"../../../Engine/Content/EngineFonts/RobotoDistanceField.uasset" 547
"../../../Engine/Content/EngineMaterials/DefaultTextMaterialOpaque.uasset" 548
"../../../Engine/Content/EditorResources/S_Trigger.uasset" 549
"../../../Engine/Content/EngineResources/GradientTexture0.uasset" 550
"../../../Engine/Content/EditorMaterials/MatineeGroups/MAT_Groups_Float.uasset" 551
"../../../Engine/Content/EditorMaterials/MatineeGroups/MAT_Groups_Director.uasset" 552
"../../../Engine/Content/EditorMaterials/MatineeGroups/MAT_Groups_Event.uasset" 553
"../../../Engine/Content/EditorMaterials/MatineeGroups/MAT_Groups_Anim.uasset" 554
"../../../Engine/Content/EditorMaterials/MatineeGroups/MAT_Groups_Fade.uasset" 555
"../../../Engine/Content/EditorMaterials/MatineeGroups/MAT_Groups_Move.uasset" 556
"../../../Engine/Content/EditorMaterials/MatineeGroups/MAT_Groups_Slomo.uasset" 557
"../../../Engine/Content/EditorMaterials/MatineeGroups/MAT_ColorTrack.uasset" 558
"../../../Engine/Content/EditorMaterials/MAT_Groups_Toggle.uasset" 559
"../../../Engine/Content/EditorMaterials/MatineeGroups/MAT_Groups_AudioMaster.uasset" 560
"../../../Engine/Content/EditorMaterials/MatineeGroups/MAT_Groups_Sound.uasset" 561
"../../../Engine/Content/EditorMaterials/MatineeGroups/MAT_Groups_Vector.uasset" 562
"../../../Engine/Content/EditorMaterials/MAT_Groups_Visibility.uasset" 563
"../../../Engine/Content/EngineResources/DefaultTextureCube.uasset" 564
"../../../Engine/Content/EngineMeshes/Cylinder.uasset" 565
"../../../Engine/Content/EngineTireTypes/DefaultTireType.uasset" 566
"../../../Engine/Content/EngineResources/AICON-Red.uasset" 567
"../../../Engine/Content/EngineResources/AICON-Green.uasset" 568
"../../../Engine/Content/Tutorial/Basics/LevelEditorAttract.uasset" 569
"../../../Engine/Content/Tutorial/ContentIntroCurve.uasset" 570
"../../../Engine/Plugins/2D/Paper2D/Content/PlaceholderTextures/DummySpriteTexture.uasset" 571
"../../../Engine/Plugins/2D/Paper2D/Content/DummySpriteTexture.uasset" 572
"../../../Engine/Plugins/2D/Paper2D/Content/DefaultSpriteMaterial.uasset" 573
"../../../Engine/Plugins/2D/Paper2D/Content/MaskedUnlitSpriteMaterial.uasset" 574
"../../../Engine/Plugins/2D/Paper2D/Content/OpaqueUnlitSpriteMaterial.uasset" 575
"../../../Engine/Plugins/2D/Paper2D/Content/DummySprite.uasset" 576
"../../../Engine/Plugins/2D/Paper2D/Content/DefaultPaperTerrainMaterial.uasset" 577
"../../../TheArena/Content/UI/Menu/Icons/MenuBgLeft.uasset" 578
"../../../TheArena/Content/UI/Menu/Icons/MenuArrowLeft.uasset" 579
"../../../TheArena/Content/UI/HUD/HitIndicator.uasset" 580
"../../../TheArena/Content/UI/Menu/Icons/MenuArrowRight.uasset" 581
"../../../TheArena/Content/UI/Menu/Icons/MenuBgRight.uasset" 582
"../../../TheArena/Content/UI/HUD/Textures/T_Button.uasset" 583
"../../../Engine/Content/MobileResources/HUD/MobileHUDButton1_on.uasset" 584
"../../../Engine/Content/MobileResources/HUD/MobileHUDDirectionPad3.uasset" 585
"../../../Engine/Content/MobileResources/HUD/MobileHUDDirectionStick.uasset" 586
"../../../Engine/Plugins/Runtime/LeapMotionController/Content/LM_CapsuleMesh.uasset" 587
"../../../Engine/Plugins/Runtime/LeapMotionController/Content/LM_TorusMesh.uasset" 588
"../../../Engine/Plugins/Runtime/LeapMotionController/Content/LM_HandColor.uasset" 589
"../../../Engine/Plugins/Runtime/LeapMotionController/Content/LM_SampleDistortion.uasset" 590
"../../../Engine/Plugins/Runtime/LeapMotionController/Content/LM_TestTexture.uasset" 591
"../../../Engine/Plugins/Runtime/LeapMotionController/Content/LM_PassthroughMaterial.uasset" 592
"../../../Engine/Content/EngineMaterials/RemoveSurfaceMaterial.uasset" 593
"../../../Engine/Content/EngineDebugMaterials/DebugMeshMaterial.uasset" 594
"../../../Engine/Content/EngineMaterials/InvalidLightmapSettings.uasset" 595
"../../../Engine/Content/EngineMaterials/M_InvalidLightmapSettings.uasset" 596
"../../../Engine/Content/EditorMaterials/GizmoMaterial.uasset" 597
"../../../Engine/Content/EngineMaterials/Good64x64TilingNoiseHighFreq.uasset" 598
"../../../Engine/Content/EngineMaterials/DefaultBokeh.uasset" 599
"../../../Engine/Content/EngineMaterials/PreintegratedSkinBRDF.uasset" 600
"../../../Engine/Content/EngineMaterials/MiniFont.uasset" 601
"../../../Engine/Content/EngineMaterials/WeightMapPlaceholderTexture.uasset" 602
"../../../Engine/Content/EngineFonts/RobotoTiny.uasset" 603
"../../../TheArena/Content/UI/Menu/Icons/CircleCrosshair.uasset" 604
"../../../Engine/Content/EditorMaterials/PhAT_JointLimitMaterial.uasset" 605
"../../../Engine/Content/EditorMaterials/PreviewShadowIndicator.uasset" 606
"../../../Engine/Content/EditorMaterials/PreviewShadowIndicatorMaterial.uasset" 607
"../../../Engine/Content/EditorMeshes/ColorCalibrator/M_ChromeBall.uasset" 608
"../../../Engine/Content/EditorMeshes/ColorCalibrator/M_ClearCoat.uasset" 609
"../../../Engine/Content/EditorMeshes/ColorCalibrator/M_ClearCoatBlack.uasset" 610
"../../../Engine/Content/EditorMeshes/ColorCalibrator/T_ColorGrid.uasset" 611
"../../../Engine/Content/EditorMeshes/ColorCalibrator/M_ColorGrid.uasset" 612
"../../../Engine/Content/EditorMeshes/ColorCalibrator/M_GreyBall.uasset" 613
"../../../Engine/Content/EditorMeshes/ColorCalibrator/SM_ColorCalibrator.uasset" 614
"../../../Engine/Content/EditorResources/BSPVertex.uasset" 615
"../../../Engine/Content/EditorResources/EmptyActor.uasset" 616
"../../../Engine/Content/EngineDebugMaterials/HeatmapGradient.uasset" 617
"../../../Engine/Content/EngineDebugMaterials/BoneWeightMaterial.uasset" 618
"../../../Engine/Content/EngineDebugMaterials/GeomMaterial.uasset" 619
"../../../Engine/Content/Functions/Engine_MaterialFunctions01/Shading/ConvertFromDiffSpec.uasset" 620
"../../../Engine/Content/EngineDebugMaterials/LevelColorationLitMaterial.uasset" 621
"../../../Engine/Content/EngineDebugMaterials/LevelColorationUnlitMaterial.uasset" 622
"../../../Engine/Content/EngineDebugMaterials/MAT_LevelColorationLitLightmapUV.uasset" 623
"../../../Engine/Content/EngineDebugMaterials/ShadedLevelColorationLitMaterial.uasset" 624
"../../../Engine/Content/EngineDebugMaterials/ShadedLevelColorationUnlitMateri.uasset" 625
"../../../Engine/Content/EngineDebugMaterials/VertexColorMaterial.uasset" 626
"../../../Engine/Content/EngineDebugMaterials/VertexColorViewMode_AlphaAsColor.uasset" 627
"../../../Engine/Content/EngineDebugMaterials/VertexColorViewMode_BlueOnly.uasset" 628
"../../../Engine/Content/EngineDebugMaterials/VertexColorViewMode_ColorOnly.uasset" 629
"../../../Engine/Content/EngineDebugMaterials/VertexColorViewMode_GreenOnly.uasset" 630
"../../../Engine/Content/EngineDebugMaterials/VertexColorViewMode_RedOnly.uasset" 631
"../../../Engine/Content/EngineDebugMaterials/WireframeMaterial.uasset" 632
"../../../Engine/Content/EngineMaterials/EditorBrushMaterial.uasset" 633
"../../../Engine/Content/MobileResources/T_MobileControls_texture.uasset" 634
"../../../Engine/Content/MobileResources/T_MobileMenu2.uasset" 635
"../../../Engine/Content/MobileResources/HUD/AnalogHat.uasset" 636
"../../../Engine/Content/MobileResources/HUD/VirtualJoystick_Background.uasset" 637
"../../../Engine/Content/MobileResources/HUD/VirtualJoystick_Thumb.uasset" 638
"../../../Engine/Content/MobileResources/HUD/DefaultVirtualJoysticks.uasset" 639
"../../../Engine/Content/MobileResources/HUD/LeftVirtualJoystickOnly.uasset" 640
"../../../Engine/Content/MobileResources/HUD/MobileHUDButton1_off.uasset" 641
"../../../Engine/Content/MobileResources/HUD/MobileHUDButton2_off.uasset" 642
"../../../Engine/Content/MobileResources/HUD/MobileHUDButton2_on.uasset" 643
"../../../Engine/Content/MobileResources/HUD/MobileHUDButton3.uasset" 644
"../../../Engine/Content/MobileResources/HUD/MobileHUDButtonFire.uasset" 645
"../../../Engine/Content/MobileResources/HUD/MobileHUDDirectionPad.uasset" 646
"../../../Engine/Content/MobileResources/HUD/MobileHUDDirectionPad2.uasset" 647
"../../../Engine/Content/MobileResources/HUD/T_Castle_ThumbstickInner.uasset" 648
"../../../Engine/Content/MobileResources/HUD/T_Castle_ThumbstickOutter.uasset" 649
"../../../Engine/Content/Tutorial/Basics/TutorialAssets/icon_tab_Levels_40x.uasset" 650
"../../../Engine/Content/Tutorial/Basics/LevelEditorOverview.uasset" 651
"../../../Engine/Content/Tutorial/BlueprintTutorials/TutorialAssets/Blueprint_64x.uasset" 652
"../../../Engine/Content/Tutorial/BlueprintTutorials/BlueprintEditorTutorial.uasset" 653
"../../../Engine/Content/Tutorial/BlueprintTutorials/TutorialAssets/BlueprintInterface_64x.uasset" 654
"../../../Engine/Content/Tutorial/BlueprintTutorials/TutorialAssets/Tutorial_BP_Interface.uasset" 655
"../../../Engine/Content/Tutorial/BlueprintTutorials/BlueprintInterfacesEditorOverview.uasset" 656
"../../../Engine/Content/Tutorial/BlueprintTutorials/TutorialAssets/BlueprintMacroLibrary_64x.uasset" 657
"../../../Engine/Content/Tutorial/BlueprintTutorials/TutorialAssets/Tutorial_BP_MacroLib.uasset" 658
"../../../Engine/Content/Tutorial/BlueprintTutorials/BlueprintMacroLibrariesEditorOverview.uasset" 659
"../../../Engine/Content/Tutorial/BlueprintTutorials/LevelBlueprintEditorOverview.uasset" 660
"../../../Engine/Content/Tutorial/Foliage/TutorialAssets/Foliage.uasset" 661
"../../../Engine/Content/Tutorial/Foliage/Foliage_Settings_Tutorial.uasset" 662
"../../../Engine/Content/Tutorial/Foliage/Foliage_Using_The_Tool_Tutorial.uasset" 663
"../../../Engine/Content/Tutorial/Foliage/Foliage_Intro_Tutorial.uasset" 664
"../../../Engine/Content/Tutorial/Landscape/TutorialAssets/Landscape.uasset" 665
"../../../Engine/Content/Tutorial/Landscape/Landscape_Painting_Mode.uasset" 666
"../../../Engine/Content/Tutorial/Landscape/Landscape_Sculpt_Mode.uasset" 667
"../../../Engine/Content/Tutorial/Landscape/Landscape_Manage_Mode.uasset" 668
"../../../Engine/Content/Tutorial/Paper2D/TutorialAssets/Paper2DFlipbook_TutorialIcon.uasset" 669
"../../../Engine/Content/Tutorial/Paper2D/FlipbookEditorTutorial.uasset" 670
"../../../Engine/Content/Tutorial/Paper2D/TutorialAssets/Paper2DSprite_TutorialIcon.uasset" 671
"../../../Engine/Content/Tutorial/Paper2D/SpriteEditorTutorial.uasset" 672
"../../../Engine/Content/EditorMeshes/EditorCube.uasset" 673
"../../../Engine/Content/Tutorial/SubEditors/TutorialAssets/Tutorial_DM.uasset" 674
"../../../Engine/Content/Tutorial/SubEditors/DestructibleMeshEditorTutorial.uasset" 675
"../../../Engine/Content/Tutorial/SubEditors/TutorialAssets/TutorialMaterial.uasset" 676
"../../../Engine/Content/Tutorial/SubEditors/MaterialEditorTutorial.uasset" 677
"../../../Engine/Content/Tutorial/SubEditors/TutorialAssets/T_SmokeSubUV_8X8.uasset" 678
"../../../Engine/Content/Tutorial/SubEditors/TutorialAssets/T_soft_smoke.uasset" 679
"../../../Engine/Content/Tutorial/SubEditors/TutorialAssets/M_smoke_subUV_blackbody.uasset" 680
"../../../Engine/Content/Tutorial/SubEditors/TutorialAssets/TutorialParticleSystem.uasset" 681
"../../../Engine/Content/Tutorial/SubEditors/ParticleSystemEditorTutorial.uasset" 682
"../../../Engine/Content/Tutorial/SubEditors/TutorialAssets/icon_ShowSkeletalMeshes_40x.uasset" 683
"../../../Engine/Content/Tutorial/SubEditors/TutorialAssets/Character/TutorialTPP_Mat.uasset" 684
"../../../Engine/Content/Tutorial/SubEditors/TutorialAssets/Character/TutorialTPP_PhysicsAsset.uasset" 685
"../../../Engine/Content/Tutorial/SubEditors/TutorialAssets/Character/TutorialTPP.uasset" 686
"../../../Engine/Content/Tutorial/SubEditors/TutorialAssets/Character/TutorialTPP_Skeleton.uasset" 687
"../../../Engine/Content/Tutorial/SubEditors/TutorialAssets/Character/Tutorial_Idle.uasset" 688
"../../../Engine/Content/Tutorial/SubEditors/TutorialAssets/Character/Tutorial_Walk_Fwd.uasset" 689
"../../../Engine/Content/Tutorial/SubEditors/TutorialAssets/Character/NewBlendSpace1D.uasset" 690
"../../../Engine/Content/Tutorial/SubEditors/TutorialAssets/Character/TutorialCharacter.uasset" 691
"../../../Engine/Content/Tutorial/SubEditors/TutorialAssets/Character/TutorialTPP_AnimBlueprint.uasset" 692
"../../../Engine/Content/Tutorial/SubEditors/PersonaAnimBlueprintEditorWalkthrough.uasset" 693
"../../../Engine/Content/Tutorial/SubEditors/PersonaAnimEditorWalkthrough.uasset" 694
"../../../Engine/Content/Tutorial/SubEditors/PersonaAnimEditorTutorial.uasset" 695
"../../../Engine/Content/EngineMeshes/Cube.uasset" 696
"../../../Engine/Content/Tutorial/SubEditors/StaticMeshEditorTutorial.uasset" 697
"../../../Engine/Content/Tutorial/SubEditors/TutorialAssets/icon_Editor_Preferences_General_40x.uasset" 698
"../../../TheArena/Content/UI/Chat/ChatLog_Icon_Star.uasset" 699
"../../../TheArena/Content/UI/HUD/HUDAssets02.uasset" 700
"../../../TheArena/Content/UI/HUD/HUDMain.uasset" 701
"../../../TheArena/Content/UI/HUD/LowHealthOverlay.uasset" 702
"../../../TheArena/Content/UI/HUD/Roboto51.uasset" 703
"../../../TheArena/Content/QualityMenu/Textures/editBoxBorder.uasset" 704
"../../../TheArena/Content/UI/HUD/SettingsMenuAudioConfig.uasset" 705
"../../../TheArena/Content/UI/HUD/UI_Vehicle_Font.uasset" 706
"../../../TheArena/Content/UI/HUD/Background/T_VH_Hud_Timer_Background.uasset" 707
"../../../TheArena/Content/UI/HUD/Blueprints/Arena_HUD_Interface.uasset" 708
"../../../TheArena/Content/UI/HUD/Blueprints/Arena_PlayerController_HUD.uasset" 709
"../../../TheArena/Content/UI/HUD/ExampleContent/HUD/Blueprints/BPI_HUD_Interface_Events.uasset" 710
"../../../TheArena/Content/UI/HUD/Textures/T_HUD_Bar_Generic.uasset" 711
"../../../TheArena/Content/UI/HUD/Materials/M_HUD_Health_Bar.uasset" 712
"../../../TheArena/Content/UI/HUD/Materials/M_HUD_Stamina_Bar.uasset" 713
"../../../TheArena/Content/UI/HUD/Materials/T_VH_Hud_M_01.uasset" 714
"../../../TheArena/Content/UI/HUD/Materials/T_VH_Hud_M_02.uasset" 715
"../../../TheArena/Content/UI/HUD/Materials/T_VH_Hud_M_03.uasset" 716
"../../../TheArena/Content/UI/HUD/Materials/T_VH_Hud_M_04.uasset" 717
"../../../TheArena/Content/UI/HUD/Materials/T_VH_Hud_Speed_Pointer.uasset" 718
"../../../TheArena/Content/UI/HUD/Materials/M_VH_HUD_SpeedMeter_Master.uasset" 719
"../../../TheArena/Content/UI/HUD/Materials/M_VH_HUD_SpeedMeter_UI.uasset" 720
"../../../TheArena/Content/UI/HUD/Textures/T_Button_Hover.uasset" 721
"../../../TheArena/Content/UI/HUD/Textures/T_Button_Pressed.uasset" 722
"../../../TheArena/Content/UI/HUD/Textures/T_Objective.uasset" 723
"../../../TheArena/Content/UI/Menu/LoadingScreen.uasset" 724
"../../../TheArena/Content/UI/Menu/LoadingScreen_Mat.uasset" 725
"../../../TheArena/Content/UI/Menu/MainMenu.uasset" 726
"../../../TheArena/Content/UI/Menu/Icons/Assualt_Crosshair.uasset" 727
"../../../TheArena/Content/UI/Menu/Icons/corsshair.uasset" 728
"../../../TheArena/Content/UI/Menu/Icons/Crosshair_Two.uasset" 729
"../../../TheArena/Content/UI/Menu/Icons/MenuHeaderBg.uasset" 730
"../../../TheArena/Content/UI/Menu/Inventory/Weapons/JeffsRifle_Thumbnail.uasset" 731
"../../../TheArena/Content/UI/Menu/MainMenu/ArenaFriendsList.uasset" 732
"../../../TheArena/Content/UI/Menu/MainMenu/ArenaFriend.uasset" 733
"../../../TheArena/Content/UI/Menu/Multiplayer/ArenaFriendsList_2.uasset" 734
"../../../TheArena/Content/UI/Menu/Multiplayer/ArenaFriend_2.uasset" 735
"../../../TheArena/Content/UI/Menu/Multiplayer/TeamEntry.uasset" 736
"../../../TheArena/Content/UI/Menu/Inventory/Armor/ArmorEntry.uasset" 737
"../../../TheArena/Content/UI/Menu/Multiplayer/TeamMates.uasset" 738
"../../../TheArena/Content/UI/Menu/Icons/MenuItemBg.uasset" 739
"../../../TheArena/Content/UI/Styles/DefaultShooterButtonStyle.uasset" 740
"../../../TheArena/Content/UI/Chat/ChatBoxBacking.uasset" 741
"../../../TheArena/Content/UI/Chat/ChatBoxEntryBacking.uasset" 742
"../../../TheArena/Content/UI/Styles/DefaultShooterChatStyle.uasset" 743
"../../../TheArena/Content/UI/Styles/DefaultShooterMenuItemStyle.uasset" 744
"../../../TheArena/Content/Sounds/InterfaceAudio/Stereo/MenuExit_Stereo.uasset" 745
"../../../TheArena/Content/Sounds/SoundClassesAndMixes/Ambient.uasset" 746
"../../../TheArena/Content/Sounds/SoundClassesAndMixes/Characters.uasset" 747
"../../../TheArena/Content/Sounds/SoundClassesAndMixes/PSM_DuckEnvironment.uasset" 748
"../../../TheArena/Content/Sounds/SoundClassesAndMixes/Weapons.uasset" 749
"../../../TheArena/Content/Sounds/SoundClassesAndMixes/SFX.uasset" 750
"../../../TheArena/Content/Sounds/SoundClassesAndMixes/Master.uasset" 751
"../../../TheArena/Content/Sounds/SoundClassesAndMixes/UI.uasset" 752
"../../../TheArena/Content/Sounds/SoundClassesAndMixes/UIControllerSounds.uasset" 753
"../../../TheArena/Content/Sounds/InterfaceAudio/Stereo/MenuExitStereo_Cue.uasset" 754
"../../../TheArena/Content/Sounds/InterfaceAudio/Stereo/MenuStart_Stereo.uasset" 755
"../../../TheArena/Content/Sounds/InterfaceAudio/Stereo/MenuStart_Stereo_Cue.uasset" 756
"../../../TheArena/Content/UI/Styles/DefaultShooterMenuSoundsStyle.uasset" 757
"../../../TheArena/Content/UI/Styles/DefaultShooterMenuStyle.uasset" 758
"../../../TheArena/Content/UI/Styles/DefaultShooterOptionsStyle.uasset" 759
"../../../TheArena/Content/UI/Styles/DefaultShooterScoreboardStyle.uasset" 760
