Build started 1/29/2015 2:10:49 PM.
     1>Project "C:\Users\jeffd_000\Documents\Unreal Projects\TheArena\Intermediate\ProjectFiles\TheArena.vcxproj" on node 2 (Build target(s)).
     1>Build:
         "C:\Program Files\Unreal Engine\4.6\Engine\Build\BatchFiles\Build.bat" TheArenaEditor Win64 Development "C:\Users\jeffd_000\Documents\Unreal Projects\TheArena\TheArena.uproject" -rocket
         Parsing headers for TheArenaEditor
         Reflection code generated for TheArenaEditor
         Performing 4 actions (4 in parallel)
         PCH.TheArena.TheArena.h.cpp
     1>C:\Users\jeffd_000\Documents\Unreal Projects\TheArena\Source\TheArena\Public/ArenaGameInstance.h(33): warning C4263: 'void UArenaGameInstance::JoinSession(void)' : member function does not override any base class virtual member function
     1>C:\Users\jeffd_000\Documents\Unreal Projects\TheArena\Source\TheArena\Public/ArenaGameInstance.h(79): warning C4264: 'bool UGameInstance::JoinSession(ULocalPlayer *,const FOnlineSessionSearchResult &)' : no override available for virtual member function from base 'UGameInstance'; function is hidden
                 C:\Program Files\Unreal Engine\4.6\Engine\Source\Runtime\Engine\Classes\Engine/GameInstance.h(98) : see declaration of 'UGameInstance::JoinSession'
                 C:\Program Files\Unreal Engine\4.6\Engine\Source\Runtime\Engine\Classes\Engine/GameInstance.h(33) : see declaration of 'UGameInstance'
     1>C:\Users\jeffd_000\Documents\Unreal Projects\TheArena\Source\TheArena\Public/ArenaGameInstance.h(79): warning C4264: 'bool UGameInstance::JoinSession(ULocalPlayer *,int32)' : no override available for virtual member function from base 'UGameInstance'; function is hidden
                 C:\Program Files\Unreal Engine\4.6\Engine\Source\Runtime\Engine\Classes\Engine/GameInstance.h(97) : see declaration of 'UGameInstance::JoinSession'
                 C:\Program Files\Unreal Engine\4.6\Engine\Source\Runtime\Engine\Classes\Engine/GameInstance.h(33) : see declaration of 'UGameInstance'
         TheArena.generated.cpp
         Module.TheArena.cpp
         [4/4] Link UE4Editor-TheArena.dll
            Creating library C:\Users\jeffd_000\Documents\Unreal Projects\TheArena\Intermediate\Build\Win64\TheArenaEditor\Development\UE4Editor-TheArena.lib and object C:\Users\jeffd_000\Documents\Unreal Projects\TheArena\Intermediate\Build\Win64\TheArenaEditor\Development\UE4Editor-TheArena.exp
         -------- End Detailed Actions Stats -----------------------------------------------------------
         Cumulative action seconds (8 processors): 0.00 building projects, 39.66 compiling, 0.00 creating app bundles, 0.00 generating debug info, 0.86 linking, 0.00 other
         UBT execution time: 50.84 seconds
     1>Done Building Project "C:\Users\jeffd_000\Documents\Unreal Projects\TheArena\Intermediate\ProjectFiles\TheArena.vcxproj" (Build target(s)).

Build succeeded.

Time Elapsed 00:00:51.15
