Log file open, 11/10/14 21:30:57
LogInit:Display: Running engine for game: TheArena
LogInit: Version: 4.5.1-2336687+++depot+UE4-Releases+4.5
LogInit: API Version: 2326478
LogInit: Compiled (64-bit): Oct 21 2014 22:32:40
LogInit: Compiled with Visual C++: 18.00.21005.01
LogInit: Build Configuration: Development
LogInit: Branch Name: ++depot+UE4-Releases+4.5
LogInit: Command line:  
LogInit: Base directory: C:/Program Files/Unreal Engine/4.5/Engine/Binaries/Win64/
LogInit: Rocket: 1
[2014.11.11-04.30.57:428][  0]LogTaskGraph: Started task graph with 3 named threads and 4 total threads.
[2014.11.11-04.30.57:466][  0]LogOnline:Warning: No default platform service specified for OnlineSubsystem
[2014.11.11-04.30.57:488][  0]LogInit: Presizing for 0 objects not considered by GC, pre-allocating 0 bytes.
[2014.11.11-04.30.57:498][  0]LogInit: Object subsystem initialized
[2014.11.11-04.30.57:501][  0]LogConsoleResponse:Warning: Skipping Unknown console variable: 'UIScaleRule = ShortestSide'
[2014.11.11-04.30.57:501][  0]LogConsoleResponse:Warning:   Found in ini file 'C:/Users/jeffd_000/Documents/GitHub/TheArena/Saved/Config/Windows/Engine.ini', in section '[/Script/Engine.RendererSettings]'
[2014.11.11-04.30.57:501][  0]LogConsoleResponse:Warning: Skipping Unknown console variable: 'UIScaleCurve = (EditorCurveData=(Keys=((Time=480,Value=0.444),(Time=720,Value=0.666),(Time=1080,Value=1.0),(Time=8640,Value=8.0))),ExternalCurve=None)'
[2014.11.11-04.30.57:501][  0]LogConsoleResponse:Warning:   Found in ini file 'C:/Users/jeffd_000/Documents/GitHub/TheArena/Saved/Config/Windows/Engine.ini', in section '[/Script/Engine.RendererSettings]'
[2014.11.11-04.30.57:502][  0]LogInit: Selected Device Profile: [Windows]
[2014.11.11-04.30.57:502][  0]LogInit: Applying CVar settings loaded from the selected device profile: [Windows]
[2014.11.11-04.30.57:506][  0]LogInit: Computer: JEFFSPC
[2014.11.11-04.30.57:506][  0]LogInit: User: jeffd000
[2014.11.11-04.30.57:508][  0]LogInit: CPU Page size=4096, Cores=4
[2014.11.11-04.30.57:508][  0]LogInit: High frequency timer resolution =3.312789 MHz
[2014.11.11-04.30.57:508][  0]LogMemory: Memory total: Physical=15.9GB (16GB approx) Virtual=131072.0GB
[2014.11.11-04.30.57:508][  0]LogMemory: Platform Memory Stats for Windows
[2014.11.11-04.30.57:508][  0]LogMemory: Process Physical Memory: 60.98 MB used, 60.98 MB peak
[2014.11.11-04.30.57:508][  0]LogMemory: Process Virtual Memory: 36.43 MB used, 36.43 MB peak
[2014.11.11-04.30.57:508][  0]LogMemory: Physical Memory: 5116.58 MB used, 16279.25 MB total
[2014.11.11-04.30.57:508][  0]LogMemory: Virtual Memory: 276.99 MB used, 134217728.00 MB total
[2014.11.11-04.30.57:539][  0]LogD3D11RHI: Found D3D11 adapter 0: NVIDIA GeForce GTX 660 (Feature Level 11_0)
[2014.11.11-04.30.57:539][  0]LogD3D11RHI: Adapter has 1475MB of dedicated video memory, 0MB of dedicated system memory, and 2560MB of shared system memory, 1 output[s]
[2014.11.11-04.30.57:554][  0]LogD3D11RHI: Found D3D11 adapter 1: Intel(R) HD Graphics 4000 (Feature Level 11_0)
[2014.11.11-04.30.57:554][  0]LogD3D11RHI: Adapter has 32MB of dedicated video memory, 0MB of dedicated system memory, and 1760MB of shared system memory, 0 output[s]
[2014.11.11-04.30.57:555][  0]LogD3D11RHI: Found D3D11 adapter 2: Microsoft Basic Render Driver (Feature Level 11_0)
[2014.11.11-04.30.57:555][  0]LogD3D11RHI: Adapter has 0MB of dedicated video memory, 0MB of dedicated system memory, and 256MB of shared system memory, 0 output[s]
[2014.11.11-04.30.57:555][  0]LogD3D11RHI: Chosen D3D11 Adapter Id = 0
[2014.11.11-04.30.57:559][  0]LogRHI: Texture pool is 1033 MB (70% of 1475 MB)
[2014.11.11-04.30.57:569][  0]LogD3D11RHI: Async texture creation enabled
[2014.11.11-04.30.57:615][  0]LogTextLocalizationManager: The requested culture ('en_US') has no localization data; parent culture's ('en') localization data will be used.
[2014.11.11-04.30.57:727][  0]LogContentStreaming: Texture pool size is 0.000000MB
[2014.11.11-04.31.01:553][  0]LogTargetPlatformManager:Display: Building Assets For Windows
[2014.11.11-04.31.01:874][  0]LogTargetPlatformManager:Display: Building Assets For Windows
[2014.11.11-04.31.01:917][  0]LogDerivedDataCache:Display: Max Cache Size: 512 MB
[2014.11.11-04.31.01:957][  0]LogDerivedDataCache: Loaded boot cache 0.04s 47MB C:/Users/jeffd_000/AppData/Local/UnrealEngine/4.5/DerivedDataCache/Boot.ddc.
[2014.11.11-04.31.01:957][  0]LogDerivedDataCache:Display: Loaded Boot cache: C:/Users/jeffd_000/AppData/Local/UnrealEngine/4.5/DerivedDataCache/Boot.ddc
[2014.11.11-04.31.01:957][  0]LogDerivedDataCache: FDerivedDataBackendGraph:  Pak pak cache file ../../../../../../Users/jeffd_000/Documents/GitHub/TheArena/DerivedDataCache/DDC.ddp not found, will not use a pak cache.
[2014.11.11-04.31.01:957][  0]LogDerivedDataCache: Unable to find inner node Pak for hierarchical cache Hierarchy.
[2014.11.11-04.31.02:010][  0]LogDerivedDataCache:Display: Pak cache opened for reading ../../../Engine/DerivedDataCache/DDC.ddp.
[2014.11.11-04.31.02:023][  0]LogDerivedDataCache: Using Local data cache path C:/Users/jeffd_000/AppData/Local/UnrealEngine/Common/DerivedDataCache: Writable
[2014.11.11-04.31.02:165][  0]LogMeshUtilities: No automatic mesh reduction module available
[2014.11.11-04.31.02:165][  0]LogMeshUtilities: No automatic mesh merging module available
[2014.11.11-04.31.02:352][  0]LogLinker:Warning: Asset '../../../Engine/Content/Functions/Engine_MaterialFunctions02/Texturing/FlipBook.uasset' has been saved with empty engine version. The asset will be loaded but may be incompatible.
[2014.11.11-04.31.02:354][  0]LogLinker:Warning: Asset '../../../Engine/Content/Functions/Engine_MaterialFunctions02/ExampleContent/Textures/flipbook.uasset' has been saved with empty engine version. The asset will be loaded but may be incompatible.
[2014.11.11-04.31.02:494][  0]LogInit: WinSock: version 1.1 (2.2), MaxSocks=32767, MaxUdp=65467
[2014.11.11-04.31.03:121][  0]UdpMessaging: Initializing bridge on interface 0.0.0.0:0 to multicast group 230.0.0.1:6666.
[2014.11.11-04.31.03:210][  0]LogLinker:Warning: Asset '../../../Engine/Content/EngineMeshes/Humanoid.uasset' has been saved with empty engine version. The asset will be loaded but may be incompatible.
[2014.11.11-04.31.04:267][  0]SourceControl: Info Source control is disabled
[2014.11.11-04.31.04:267][  0]SourceControl: Info Source control is disabled
[2014.11.11-04.31.04:272][  0]SourceControl: Info Source control is disabled
[2014.11.11-04.31.04:360][  0]LogObj: 50293 objects as part of root set at end of initial load.
[2014.11.11-04.31.04:360][  0]LogUObjectAllocator: 14069408 out of 0 bytes used by permanent object pool.
[2014.11.11-04.31.04:411][  0]LogEngine: Initializing Engine...
[2014.11.11-04.31.04:523][  0]LogInit: XAudio2 using 'M550SL-4 (NVIDIA High Definition Audio)' : 2 channels at 48 kHz using 16 bits per sample (channel mask 0x3)
[2014.11.11-04.31.04:535][  0]LogInit: FAudioDevice initialized.
[2014.11.11-04.31.04:552][  0]LogAIModule: Creating AISystem for world NewWorld
[2014.11.11-04.31.04:574][  0]LogDerivedDataCache: Saved boot cache 0.02s 47MB C:/Users/jeffd_000/AppData/Local/UnrealEngine/4.5/DerivedDataCache/Boot.ddc.
[2014.11.11-04.31.04:578][  0]LogInit: Texture streaming: Enabled
[2014.11.11-04.31.04:611][  0]LogInit: Transaction tracking system initialized
[2014.11.11-04.31.04:678][  0]BlueprintLog: New page: Editor Load
[2014.11.11-04.31.04:704][  0]LogAssetRegistry: FAssetRegistry took 0.0104 seconds to start up
[2014.11.11-04.31.04:704][  0]LogDirectoryWatcher:Warning: Failed to begin reading directory changes for ../../../Engine/Plugins/Experimental/CharacterAI/Content/. Error: 0
[2014.11.11-04.31.05:070][  0]LogTargetPlatformManager:Display: Building Assets For Windows
[2014.11.11-04.31.05:348][  0]LogTargetPlatformManager:Display: Building Assets For Windows
[2014.11.11-04.31.05:503][  0]LogConsoleResponse:Display: 
[2014.11.11-04.31.05:647][  0]SourceControl: Info Source control is disabled
[2014.11.11-04.31.05:648][  0]Cmd: MAP LOAD FILE="../../../../../../Users/jeffd_000/Documents/GitHub/TheArena/Content/Levels/Testing.umap" TEMPLATE=0 SHOWPROGRESS=1
[2014.11.11-04.31.05:648][  0]LightingResults: New page: Lighting Build
[2014.11.11-04.31.05:655][  0]MapCheck: New page: Map Check
[2014.11.11-04.31.05:655][  0]LightingResults: New page: Lighting Build
[2014.11.11-04.31.05:685][  0]LogParticles: Destroying 0 GPU particle simulations for FXSystem 0x0000005D4D5B9E40
[2014.11.11-04.31.05:735][  0]LogEditorServer: Finished looking for orphan Actors (0.000 secs)
[2014.11.11-04.31.05:735][  0]LogAIModule: Creating AISystem for world Testing
[2014.11.11-04.31.05:735][  0]Cmd: MAP CHECKDEP
[2014.11.11-04.31.05:735][  0]MapCheck: New page: Testing - Nov 10, 2014, 2:31:05 PM
[2014.11.11-04.31.05:889][  0]MapCheck: Info Map check complete: 0 Error(s), 0 Warning(s), took 154.197ms to complete.
[2014.11.11-04.31.05:890][  0]LogFileHelpers: Loading map 'Testing' took 0.242
[2014.11.11-04.31.05:976][  0]LogCollectionManager: Loaded 0 collections in 0.001731 seconds
[2014.11.11-04.31.05:995][  0]LogContentBrowser:Verbose: The content browser source was changed by the sources view to '/Game'
[2014.11.11-04.31.06:077][  0]LogCrashTracker: Crashtracker disabled due to settings.
[2014.11.11-04.31.06:091][  0]LogUObjectGlobals:Warning: Failed to find object 'Class None.'
[2014.11.11-04.31.06:118][  0]LogLoad: Full Startup: 10.61 seconds (BP compile: 0.33 seconds)
[2014.11.11-04.31.06:621][  0]LogRenderer:Warning: Reallocating scene render targets to support 1136x944.
[2014.11.11-04.31.07:804][  4]LogAssetRegistry: Asset discovery search completed in 3.1117 seconds
[2014.11.11-04.31.23:508][268]Cmd: QUIT_EDITOR
[2014.11.11-04.31.23:768][268]LogExit: Preparing to exit.
[2014.11.11-04.31.24:188][268]LogActorComponent: UnregisterComponent: (None.None) Not registered. Aborting.
[2014.11.11-04.31.24:188][268]LogActorComponent: UnregisterComponent: (None.None) Not registered. Aborting.
[2014.11.11-04.31.24:188][268]LogActorComponent: UnregisterComponent: (None.None) Not registered. Aborting.
[2014.11.11-04.31.24:188][268]LogActorComponent: UnregisterComponent: (None.None) Not registered. Aborting.
[2014.11.11-04.31.24:188][268]LogActorComponent: UnregisterComponent: (None.None) Not registered. Aborting.
[2014.11.11-04.31.24:188][268]LogActorComponent: UnregisterComponent: (None.None) Not registered. Aborting.
[2014.11.11-04.31.24:197][268]LogParticles: Destroying 0 GPU particle simulations for FXSystem 0x0000005D42253B00
[2014.11.11-04.31.24:197][268]LogParticles: Destroying 0 GPU particle simulations for FXSystem 0x0000005D4DEC5580
[2014.11.11-04.31.24:200][268]LogExit: Editor shut down
[2014.11.11-04.31.24:201][268]LogExit: Transaction tracking system shut down
[2014.11.11-04.31.24:226][268]LogExit: Object subsystem successfully closed.
[2014.11.11-04.31.24:266][268]LogModuleManager: Shutting down and abandoning module AndroidDeviceDetection (167)
[2014.11.11-04.31.24:266][268]LogModuleManager: Shutting down and abandoning module CrashTracker (166)
[2014.11.11-04.31.24:266][268]LogModuleManager: Shutting down and abandoning module SuperSearch (165)
[2014.11.11-04.31.24:266][268]LogModuleManager: Shutting down and abandoning module SceneOutliner (164)
[2014.11.11-04.31.24:266][268]LogModuleManager: Shutting down and abandoning module EditorWidgets (163)
[2014.11.11-04.31.24:266][268]LogModuleManager: Shutting down and abandoning module CollectionManager (162)
[2014.11.11-04.31.24:266][268]LogModuleManager: Shutting down and abandoning module StatsViewer (161)
[2014.11.11-04.31.24:266][268]LogModuleManager: Shutting down and abandoning module FoliageEdit (160)
[2014.11.11-04.31.24:266][268]LogModuleManager: Shutting down and abandoning module LandscapeEditor (159)
[2014.11.11-04.31.24:266][268]LogModuleManager: Shutting down and abandoning module MeshPaint (158)
[2014.11.11-04.31.24:266][268]LogModuleManager: Shutting down and abandoning module ActorPickerMode (157)
[2014.11.11-04.31.24:266][268]LogModuleManager: Shutting down and abandoning module GeometryMode (156)
[2014.11.11-04.31.24:266][268]LogModuleManager: Shutting down and abandoning module TextureAlignMode (155)
[2014.11.11-04.31.24:266][268]LogModuleManager: Shutting down and abandoning module BspMode (154)
[2014.11.11-04.31.24:266][268]LogModuleManager: Shutting down and abandoning module PlacementMode (153)
[2014.11.11-04.31.24:266][268]LogModuleManager: Shutting down and abandoning module AutomationWorker (152)
[2014.11.11-04.31.24:266][268]LogModuleManager: Shutting down and abandoning module CharacterAI (151)
[2014.11.11-04.31.24:266][268]LogModuleManager: Shutting down and abandoning module GameProjectGeneration (150)
[2014.11.11-04.31.24:266][268]LogModuleManager: Shutting down and abandoning module IntroTutorials (149)
[2014.11.11-04.31.24:266][268]LogModuleManager: Shutting down and abandoning module EditorLiveStreaming (148)
[2014.11.11-04.31.24:266][268]LogModuleManager: Shutting down and abandoning module HardwareTargeting (147)
[2014.11.11-04.31.24:266][268]LogModuleManager: Shutting down and abandoning module BehaviorTreeEditor (146)
[2014.11.11-04.31.24:266][268]LogModuleManager: Shutting down and abandoning module DeviceProfileEditor (145)
[2014.11.11-04.31.24:266][268]LogModuleManager: Shutting down and abandoning module UndoHistory (144)
[2014.11.11-04.31.24:266][268]LogModuleManager: Shutting down and abandoning module GameplayTagsEditor (143)
[2014.11.11-04.31.24:266][268]LogModuleManager: Shutting down and abandoning module UserFeedback (142)
[2014.11.11-04.31.24:266][268]LogModuleManager: Shutting down and abandoning module XmlParser (141)
[2014.11.11-04.31.24:266][268]LogModuleManager: Shutting down and abandoning module Blutility (140)
[2014.11.11-04.31.24:266][268]LogModuleManager: Shutting down and abandoning module IOSPlatformEditor (139)
[2014.11.11-04.31.24:266][268]LogModuleManager: Shutting down and abandoning module IOSRuntimeSettings (138)
[2014.11.11-04.31.24:266][268]LogModuleManager: Shutting down and abandoning module AndroidPlatformEditor (137)
[2014.11.11-04.31.24:266][268]LogModuleManager: Shutting down and abandoning module AndroidRuntimeSettings (136)
[2014.11.11-04.31.24:267][268]LogModuleManager: Shutting down and abandoning module ProjectTargetPlatformEditor (135)
[2014.11.11-04.31.24:267][268]LogModuleManager: Shutting down and abandoning module ProjectSettingsViewer (134)
[2014.11.11-04.31.24:267][268]LogModuleManager: Shutting down and abandoning module InputBindingEditor (133)
[2014.11.11-04.31.24:267][268]LogModuleManager: Shutting down and abandoning module EditorSettingsViewer (132)
[2014.11.11-04.31.24:267][268]LogModuleManager: Shutting down and abandoning module SettingsEditor (131)
[2014.11.11-04.31.24:267][268]LogModuleManager: Shutting down and abandoning module ProjectLauncher (130)
[2014.11.11-04.31.24:267][268]LogModuleManager: Shutting down and abandoning module SessionFrontend (129)
[2014.11.11-04.31.24:267][268]LogModuleManager: Shutting down and abandoning module ProfilerClient (128)
[2014.11.11-04.31.24:267][268]LogModuleManager: Shutting down and abandoning module TargetDeviceServices (127)
[2014.11.11-04.31.24:267][268]LogModuleManager: Shutting down and abandoning module DeviceManager (126)
[2014.11.11-04.31.24:267][268]LogModuleManager: Shutting down and abandoning module AutomationController (125)
[2014.11.11-04.31.24:267][268]LogModuleManager: Shutting down and abandoning module AutomationWindow (124)
[2014.11.11-04.31.24:267][268]LogModuleManager: Shutting down and abandoning module Layers (123)
[2014.11.11-04.31.24:267][268]LogModuleManager: Shutting down and abandoning module ComponentVisualizers (122)
[2014.11.11-04.31.24:267][268]LogModuleManager: Shutting down and abandoning module DetailCustomizations (121)
[2014.11.11-04.31.24:267][268]LogModuleManager: Shutting down and abandoning module PackagesDialog (120)
[2014.11.11-04.31.24:267][268]LogModuleManager: Shutting down and abandoning module AssetRegistry (119)
[2014.11.11-04.31.24:291][268]LogModuleManager: Shutting down and abandoning module Persona (118)
[2014.11.11-04.31.24:291][268]LogModuleManager: Shutting down and abandoning module Kismet (117)
[2014.11.11-04.31.24:291][268]LogModuleManager: Shutting down and abandoning module GraphEditor (116)
[2014.11.11-04.31.24:291][268]LogModuleManager: Shutting down and abandoning module ClassViewer (115)
[2014.11.11-04.31.24:291][268]LogModuleManager: Shutting down and abandoning module Toolbox (114)
[2014.11.11-04.31.24:291][268]LogModuleManager: Shutting down and abandoning module ModuleUI (113)
[2014.11.11-04.31.24:291][268]LogModuleManager: Shutting down and abandoning module MovieSceneTools (112)
[2014.11.11-04.31.24:292][268]LogModuleManager: Shutting down and abandoning module OutputLog (111)
[2014.11.11-04.31.24:292][268]LogModuleManager: Shutting down and abandoning module GammaUI (110)
[2014.11.11-04.31.24:292][268]LogModuleManager: Shutting down and abandoning module Documentation (109)
[2014.11.11-04.31.24:292][268]LogModuleManager: Shutting down and abandoning module GameLiveStreaming (108)
[2014.11.11-04.31.24:292][268]LogModuleManager: Shutting down and abandoning module StreamingPauseRendering (107)
[2014.11.11-04.31.24:292][268]LogModuleManager: Shutting down and abandoning module HTTP (106)
[2014.11.11-04.31.24:292][268]LogModuleManager: Shutting down and abandoning module AnalyticsET (105)
[2014.11.11-04.31.24:292][268]LogModuleManager: Shutting down and abandoning module Analytics (104)
[2014.11.11-04.31.24:292][268]LogModuleManager: Shutting down and abandoning module GameplayDebugger (103)
[2014.11.11-04.31.24:292][268]LogModuleManager: Shutting down and abandoning module AIModule (102)
[2014.11.11-04.31.24:292][268]LogModuleManager: Shutting down and abandoning module ProfilerService (101)
[2014.11.11-04.31.24:409][268]LogModuleManager: Shutting down and abandoning module TaskGraph (100)
[2014.11.11-04.31.24:409][268]LogModuleManager: Shutting down and abandoning module SlateRemote (99)
[2014.11.11-04.31.24:409][268]LogModuleManager: Shutting down and abandoning module ScriptEditorPlugin (98)
[2014.11.11-04.31.24:409][268]LogModuleManager: Shutting down and abandoning module CustomMeshComponent (97)
[2014.11.11-04.31.24:409][268]LogModuleManager: Shutting down and abandoning module CableComponent (96)
[2014.11.11-04.31.24:409][268]LogModuleManager: Shutting down and abandoning module MessagingDebugger (95)
[2014.11.11-04.31.24:409][268]LogModuleManager: Shutting down and abandoning module MediaPlayerEditor (94)
[2014.11.11-04.31.24:409][268]LogModuleManager: Shutting down and abandoning module SpeedTreeImporter (93)
[2014.11.11-04.31.24:409][268]LogModuleManager: Shutting down and abandoning module PluginsEditor (92)
[2014.11.11-04.31.24:409][268]LogModuleManager: Shutting down and abandoning module EpicSurvey (91)
[2014.11.11-04.31.24:409][268]LogModuleManager: Shutting down and abandoning module DesktopPlatform (90)
[2014.11.11-04.31.24:409][268]LogModuleManager: Shutting down and abandoning module VisualStudioSourceCodeAccess (89)
[2014.11.11-04.31.24:409][268]LogModuleManager: Shutting down and abandoning module UObjectPlugin (88)
[2014.11.11-04.31.24:409][268]LogModuleManager: Shutting down and abandoning module SubversionSourceControl (87)
[2014.11.11-04.31.24:409][268]LogModuleManager: Shutting down and abandoning module SourceControl (86)
[2014.11.11-04.31.24:409][268]LogModuleManager: Shutting down and abandoning module PerforceSourceControl (85)
[2014.11.11-04.31.24:409][268]LogModuleManager: Shutting down and abandoning module BlankPlugin (84)
[2014.11.11-04.31.24:409][268]LogModuleManager: Shutting down and abandoning module SlateReflector (83)
[2014.11.11-04.31.24:410][268]LogModuleManager: Shutting down and abandoning module DirectoryWatcher (82)
[2014.11.11-04.31.24:410][268]LogModuleManager: Shutting down and abandoning module HotReload (81)
[2014.11.11-04.31.24:410][268]LogModuleManager: Shutting down and abandoning module MainFrame (80)
[2014.11.11-04.31.24:410][268]LogModuleManager: Shutting down and abandoning module LevelEditor (79)
[2014.11.11-04.31.24:411][268]LogModuleManager: Shutting down and abandoning module ViewportSnapping (78)
[2014.11.11-04.31.24:412][268]LogModuleManager: Shutting down and abandoning module SmartSnapping (77)
[2014.11.11-04.31.24:412][268]LogModuleManager: Shutting down and abandoning module PaperTiledImporter (76)
[2014.11.11-04.31.24:412][268]LogModuleManager: Shutting down and abandoning module PaperJsonImporter (75)
[2014.11.11-04.31.24:412][268]LogModuleManager: Shutting down and abandoning module ContentBrowser (74)
[2014.11.11-04.31.24:412][268]LogModuleManager: Shutting down and abandoning module PropertyEditor (73)
[2014.11.11-04.31.24:412][268]LogModuleManager: Shutting down and abandoning module Paper2DEditor (72)
[2014.11.11-04.31.24:412][268]LogModuleManager: Shutting down and abandoning module TheArena (71)
[2014.11.11-04.31.24:412][268]LogModuleManager: Shutting down and abandoning module ScriptPlugin (70)
[2014.11.11-04.31.24:412][268]LogModuleManager: Shutting down and abandoning module UdpMessaging (69)
[2014.11.11-04.31.24:513][268]LogModuleManager: Shutting down and abandoning module Paper2D (68)
[2014.11.11-04.31.24:513][268]LogModuleManager: Shutting down and abandoning module WindowsMoviePlayer (67)
[2014.11.11-04.31.24:516][268]LogModuleManager: Shutting down and abandoning module Media (66)
[2014.11.11-04.31.24:516][268]LogModuleManager: Shutting down and abandoning module WmfMedia (65)
[2014.11.11-04.31.24:516][268]LogModuleManager: Shutting down and abandoning module OnlineBlueprintSupport (64)
[2014.11.11-04.31.24:516][268]LogModuleManager: Shutting down and abandoning module FunctionalTesting (63)
[2014.11.11-04.31.24:516][268]LogModuleManager: Shutting down and abandoning module CollisionAnalyzer (62)
[2014.11.11-04.31.24:516][268]LogModuleManager: Shutting down and abandoning module WorkspaceMenuStructure (61)
[2014.11.11-04.31.24:516][268]LogModuleManager: Shutting down and abandoning module MessageLog (60)
[2014.11.11-04.31.24:516][268]LogModuleManager: Shutting down and abandoning module Sequencer (59)
[2014.11.11-04.31.24:516][268]LogModuleManager: Shutting down and abandoning module AssetTools (58)
[2014.11.11-04.31.24:516][268]LogModuleManager: Shutting down and abandoning module UMGEditor (57)
[2014.11.11-04.31.24:516][268]LogModuleManager: Shutting down and abandoning module UMG (56)
[2014.11.11-04.31.24:516][268]LogModuleManager: Shutting down and abandoning module Slate (55)
[2014.11.11-04.31.24:516][268]LogModuleManager: Shutting down and abandoning module EditorStyle (54)
[2014.11.11-04.31.24:518][268]LogModuleManager: Shutting down and abandoning module SessionServices (53)
[2014.11.11-04.31.24:518][268]LogModuleManager: Shutting down and abandoning module SourceCodeAccess (52)
[2014.11.11-04.31.24:518][268]LogModuleManager: Shutting down and abandoning module HeadMountedDisplay (51)
[2014.11.11-04.31.24:518][268]LogModuleManager: Shutting down and abandoning module XAudio2 (50)
[2014.11.11-04.31.24:518][268]LogModuleManager: Shutting down and abandoning module Networking (48)
[2014.11.11-04.31.24:518][268]LogModuleManager: Shutting down and abandoning module Core (47)
[2014.11.11-04.31.24:518][268]LogModuleManager: Shutting down and abandoning module KismetCompiler (46)
[2014.11.11-04.31.24:518][268]LogModuleManager: Shutting down and abandoning module PhysXFormats (45)
[2014.11.11-04.31.24:518][268]LogModuleManager: Shutting down and abandoning module MeshUtilities (44)
[2014.11.11-04.31.24:518][268]LogModuleManager: Shutting down and abandoning module DerivedDataCache (43)
[2014.11.11-04.31.24:534][268]LogDerivedDataCache: Shutdown
[2014.11.11-04.31.24:534][268]LogModuleManager: Shutting down and abandoning module ShaderFormatOpenGL (42)
[2014.11.11-04.31.24:534][268]LogModuleManager: Shutting down and abandoning module ShaderFormatD3D (41)
[2014.11.11-04.31.24:534][268]LogModuleManager: Shutting down and abandoning module MetalShaderFormat (40)
[2014.11.11-04.31.24:534][268]LogModuleManager: Shutting down and abandoning module TextureFormatUncompressed (39)
[2014.11.11-04.31.24:534][268]LogModuleManager: Shutting down and abandoning module TextureFormatPVR (38)
[2014.11.11-04.31.24:534][268]LogModuleManager: Shutting down and abandoning module TextureFormatDXT (37)
[2014.11.11-04.31.24:534][268]LogModuleManager: Shutting down and abandoning module TextureFormatAndroid (36)
[2014.11.11-04.31.24:534][268]LogModuleManager: Shutting down and abandoning module AudioFormatOpus (35)
[2014.11.11-04.31.24:534][268]LogModuleManager: Shutting down and abandoning module AudioFormatOgg (34)
[2014.11.11-04.31.24:534][268]LogModuleManager: Shutting down and abandoning module AudioFormatADPCM (33)
[2014.11.11-04.31.24:534][268]LogModuleManager: Shutting down and abandoning module Messaging (32)
[2014.11.11-04.31.24:534][268]LogModuleManager: Shutting down and abandoning module IOSTargetPlatform (31)
[2014.11.11-04.31.24:534][268]LogModuleManager: Shutting down and abandoning module Android_PVRTCTargetPlatform (30)
[2014.11.11-04.31.24:534][268]LogModuleManager: Shutting down and abandoning module Android_ETC2TargetPlatform (29)
[2014.11.11-04.31.24:534][268]LogModuleManager: Shutting down and abandoning module Android_ETC1TargetPlatform (28)
[2014.11.11-04.31.24:534][268]LogModuleManager: Shutting down and abandoning module Android_DXTTargetPlatform (27)
[2014.11.11-04.31.24:534][268]LogModuleManager: Shutting down and abandoning module Android_ATCTargetPlatform (26)
[2014.11.11-04.31.24:534][268]LogModuleManager: Shutting down and abandoning module AndroidTargetPlatform (25)
[2014.11.11-04.31.24:534][268]LogModuleManager: Shutting down and abandoning module WindowsTargetPlatform (24)
[2014.11.11-04.31.24:534][268]LogModuleManager: Shutting down and abandoning module WindowsServerTargetPlatform (23)
[2014.11.11-04.31.24:534][268]LogModuleManager: Shutting down and abandoning module WindowsNoEditorTargetPlatform (22)
[2014.11.11-04.31.24:534][268]LogModuleManager: Shutting down and abandoning module WindowsClientTargetPlatform (21)
[2014.11.11-04.31.24:534][268]LogModuleManager: Shutting down and abandoning module TargetPlatform (20)
[2014.11.11-04.31.24:534][268]LogModuleManager: Shutting down and abandoning module InputCore (19)
[2014.11.11-04.31.24:534][268]LogModuleManager: Shutting down and abandoning module Settings (18)
[2014.11.11-04.31.24:534][268]LogModuleManager: Shutting down and abandoning module ImageWrapper (17)
[2014.11.11-04.31.24:534][268]LogModuleManager: Shutting down and abandoning module OculusRift (14)
[2014.11.11-04.31.24:534][268]LogModuleManager: Shutting down and abandoning module ExampleDeviceProfileSelector (13)
[2014.11.11-04.31.24:534][268]LogModuleManager: Shutting down and abandoning module TextureCompressor (12)
[2014.11.11-04.31.24:534][268]LogModuleManager: Shutting down and abandoning module ShaderCore (11)
[2014.11.11-04.31.24:534][268]LogModuleManager: Shutting down and abandoning module SlateRHIRenderer (10)
[2014.11.11-04.31.24:535][268]LogModuleManager: Shutting down and abandoning module OpenGLDrv (9)
[2014.11.11-04.31.24:535][268]LogModuleManager: Shutting down and abandoning module D3D11RHI (8)
[2014.11.11-04.31.24:535][268]LogModuleManager: Shutting down and abandoning module Renderer (7)
[2014.11.11-04.31.24:535][268]LogModuleManager: Shutting down and abandoning module Engine (6)
[2014.11.11-04.31.24:535][268]LogModuleManager: Shutting down and abandoning module CoreUObject (5)
[2014.11.11-04.31.24:535][268]LogModuleManager: Shutting down and abandoning module NetworkFile (4)
[2014.11.11-04.31.24:535][268]LogModuleManager: Shutting down and abandoning module StreamingFile (3)
[2014.11.11-04.31.24:535][268]LogModuleManager: Shutting down and abandoning module SandboxFile (2)
[2014.11.11-04.31.24:535][268]LogModuleManager: Shutting down and abandoning module PakFile (1)
[2014.11.11-04.31.24:535][268]LogExit: Exiting.
[2014.11.11-04.31.24:540][268]Log file closed, 11/10/14 21:31:24
